#
# A fatal error has been detected by the Java Runtime Environment:
SIGBUS (0x7) at pc=0x0000007a87d12bcc#
# Problematic frame:
#


#---------------  S U M M A R Y ------------
--add-opens=java.base/java.util=ALL-UNNAMED --add-opens=java.base/sun.nio.fs=ALL-UNNAMED -Declipse.product=org.eclipse.jdt.ls.core.product -Dfile.encoding=utf8 -XX:AdaptiveSizePolicyWeight=90 -Xmx1G -Xlog:jni+resolve=off -XX:HeapDumpPath=/home/doonee63/.config/Code/User/workspaceStorage/a933a5728d54fc72f7789cc0b632c4d6/redhat.java 
 elapsed time: 83.873797 seconds (0d 0h 1m 23s)
---------------  T H R E A D  ---------------
 [[0x0000007a50200000,0x0000007a50400000]  [libjvm.so+0xb349e4]  [libjvm.so+0xd303c8]V  [libjvm.so+0x887f98] java.lang.Object.wait(J)V@17.0.4 (0 bytes) @ 0x0000007a78ccf0bc [0x0000007a78ccf040+0x000000000000007c]
C  0x0000007a50cf8000

Java frames: (J=compiled Java code, j=interpreted, Vv=VM code)
J 4742  java.lang.Object.wait(J)V java.base@17.0.4 (0 bytes) @ 0x0000007a78ccf0bc [0x0000007a78ccf040+0x000000000000007c]
J 7368 c1 org.eclipse.core.internal.jobs.WorkerPool.sleep(J)V (137 bytes) @ 0x0000007a72315fa8 [0x0000007a72315dc0+0x00000000000001e8]
j  org.eclipse.core.internal.jobs.WorkerPool.startJob(Lorg/eclipse/core/internal/jobs/Worker;)Lorg/eclipse/core/internal/jobs/InternalJob;+241
j  org.eclipse.core.internal.jobs.Worker.run()V+445
v  ~StubRoutines::call_stub

siginfo: si_signo: 7 (SIGBUS), si_code: 2 (BUS_ADRERR), si_addr: 0x0000007a886c90c8

Register to memory mapping:

R0=0x0000000000000106
R1=0x0000007a886c90c8
R2=0x0000000000000002
R3=0x0000007a875dbb00
R4=0x0000007a00000e10
R5=0x000000000000017f
R6=0x0000007a04003320
R7=0x0000000000000000
R8=0x0000000000000001
R9=0x0000000000000000
R10=0x0000000000020c99
R11=0x000000003b9aca00
R12=0x0000007a886ff030
R13=0x000000007fffffff
R14=0x0000000002c8d894
R15=0x0000000000000000
R16=0x0000007a874aac40
R17=0x0000000000000000
R18=0x00000000eabe4560
R19=0x0000007a00000e10
R20=0x0000007a0400efe8
R21=0x0000007a0400eff0
R22=0x0000007a0400ef38
R23=0x0000007a88422df8
R24=0x0000000000000000
R25=0x0000007a00000ec8
R26=0x0000007a88455403
R27=0x0000007a0400f6f0
R28=0x0000007a0400ecb0
R29=0x0000007a503fe000
R30=0x0000007a87d12ae8


Registers:
R0 =0x0000000000000106 is an unknown value
R1 =0x0000007a886c90c8 points into unknown readable memory: 0x0000000000000105 | 05 01 00 00 00 00 00 00
R2 =0x0000000000000002 is an unknown value
R3 =0x0000007a875dbb00: <offset 0x00000000003fcb00> in /home/doonee63/.vscode/extensions/redhat.java-1.10.0-linux-arm64/jre/17.0.4-linux-aarch64/lib/server/libjvm.so at 0x0000007a871df000
R4 =0x0000007a00000e10 points into unknown readable memory: 0x0000000000000009 | 09 00 00 00 00 00 00 00
R5 =0x000000000000017f is an unknown value
R6 =0x0000007a04003320 points into unknown readable memory: 0x0000000000000000 | 00 00 00 00 00 00 00 00
R7 =0x0 is NULL
R8 =0x0000000000000001 is an unknown value
R9 =0x0 is NULL
R10=0x0000000000020c99 is an unknown value
R11=0x000000003b9aca00 is an unknown value
R12=0x0000007a886ff030 points into unknown readable memory: 0x0000000000020c9d | 9d 0c 02 00 00 00 00 00
R13=0x000000007fffffff is an unknown value
R14=0x0000000002c8d894 is an unknown value
R15=0x0 is NULL
R16=0x0000007a874aac40: <offset 0x00000000002cbc40> in /home/doonee63/.vscode/extensions/redhat.java-1.10.0-linux-arm64/jre/17.0.4-linux-aarch64/lib/server/libjvm.so at 0x0000007a871df000
R17=0x0 is NULL
R18=0x00000000eabe4560 points into unknown readable memory: 0x07000149636e7546 | 46 75 6e 63 49 01 00 07
R19=0x0000007a00000e10 points into unknown readable memory: 0x0000000000000009 | 09 00 00 00 00 00 00 00
R20=0x0000007a0400efe8 points into unknown readable memory: 0x63652f6700000006 | 06 00 00 00 67 2f 65 63
R21=0x0000007a0400eff0 points into unknown readable memory: 0xfffffffffffffffe | fe ff ff ff ff ff ff ff
R22=0x0000007a0400ef38 points into unknown readable memory: 0x0000007a503fe250 | 50 e2 3f 50 7a 00 00 00
R23=0x0000007a88422df8: <offset 0x0000000001243df8> in /home/doonee63/.vscode/extensions/redhat.java-1.10.0-linux-arm64/jre/17.0.4-linux-aarch64/lib/server/libjvm.so at 0x0000007a871df000
R24=0x0 is NULL
R25=0x0000007a00000ec8 points into unknown readable memory: 0x0000000000000001 | 01 00 00 00 00 00 00 00
R26=0x0000007a88455403: <offset 0x0000000001276403> in /home/doonee63/.vscode/extensions/redhat.java-1.10.0-linux-arm64/jre/17.0.4-linux-aarch64/lib/server/libjvm.so at 0x0000007a871df000
R27=0x0000007a0400f6f0 points into unknown readable memory: 0x0000000000000000 | 00 00 00 00 00 00 00 00
R28=0x0000007a0400ecb0 is a thread
R29=0x0000007a503fe000 is pointing into the stack for thread: 0x0000007a0400ecb0
R30=0x0000007a87d12ae8: <offset 0x0000000000b33ae8> in /home/doonee63/.vscode/extensions/redhat.java-1.10.0-linux-arm64/jre/17.0.4-linux-aarch64/lib/server/libjvm.so at 0x0000007a871df000

Top of Stack: (sp=0x0000007a503fe000)
0x0000007a503fe000:   0000007a503fe0b0 0000007a87d139e4
0x0000007a503fe010:   0000007a0400ecb0 0000007a503fe128
0x0000007a503fe020:   0000000000000032 0000000000000001
0x0000007a503fe030:   0000007a0400f6f0 0000007a0400efe8
0x0000007a503fe040:   00000000fffffffd 0000000000000000
0x0000007a503fe050:   0000007a88406000 0000007a00000e10
0x0000007a503fe060:   0000007a0400ecb0 0000000000000001
0x0000007a503fe070:   000001a100000005 0000007a0400f430
0x0000007a503fe080:   0000000000000000 0000000000000000
0x0000007a503fe090:   0000007a00000000 0000007a503fe128
0x0000007a503fe0a0:   0000000000000032 0000000000000001
0x0000007a503fe0b0:   0000007a503fe1a0 0000007a87f0f3c8
0x0000007a503fe0c0:   0000007a04009e08 0000007a0400ecb0
0x0000007a503fe0d0:   0000000000000032 0000007a00000e10
0x0000007a503fe0e0:   0000007a88407000 0000007a88455403
0x0000007a503fe0f0:   0000007a04009e08 0000007a50cf8000
0x0000007a503fe100:   0000000000000000 0000007a0400ecb0
0x0000007a503fe110:   0000000000000000 0000000287d3ff14
0x0000007a503fe120:   00000000000000b6 0000000000000000
0x0000007a503fe130:   0000000000000000 0000007a0400ecb0
0x0000007a503fe140:   0000000000000000 0000007a04003300
0x0000007a503fe150:   0000000200000000 0000007a720ae700
0x0000007a503fe160:   0000000000000000 0000000000000000
0x0000007a503fe170:   0000007a00000000 00000000eacb7f88
0x0000007a503fe180:   0000007a503fe1d0 0000007a0400ecb0
0x0000007a503fe190:   0000007a503fe2f0 81ea7cbd2e3aa200
0x0000007a503fe1a0:   0000007a503fe1f0 0000007a87a66f98
0x0000007a503fe1b0:   0000007a0400ecb0 0000000000000032
0x0000007a503fe1c0:   0000007a0400f430 0000000000000000
0x0000007a503fe1d0:   0000000000000005 0000000000000001
0x0000007a503fe1e0:   00000000c08238b8 0000000000000032
0x0000007a503fe1f0:   0000007a503fe2a0 0000007a78ccf0bc 

Instructions: (pc=0x0000007a87d12bcc)
0x0000007a87d12acc:   35001540 f9415af7 aa1903e0 92800001
0x0000007a87d12adc:   d2800002 f94002e3 d63f0060 f943935a
0x0000007a87d12aec:   f9018f9f 39400340 350010e0 b00037c0
0x0000007a87d12afc:   f9449400 39400000 35000fe0 394243e0
0x0000007a87d12b0c:   340000e0 394247e0 350008c0 39424fe0
0x0000007a87d12b1c:   34001700 39424be1 35000861 f0003c00
0x0000007a87d12b2c:   f9400801 b40000c1 f00037a0 f9441000
0x0000007a87d12b3c:   39400000 72001c1f 540003e1 35000478
0x0000007a87d12b4c:   52800038 2a1803e0 a94153f3 a9425bf5
0x0000007a87d12b5c:   a94363f7 a9446bf9 a94573fb a8cb7bfd
0x0000007a87d12b6c:   d65f03c0 aa1303e0 f900467f f900527f
0x0000007a87d12b7c:   aa1c03e1 52800002 97fff948 f9018393
0x0000007a87d12b8c:   c8dffea0 37002000 528000c0 889ffe80
0x0000007a87d12b9c:   17ffffae f9018f9f 52800038 2a1803e0
0x0000007a87d12bac:   a94153f3 a94363f7 a94573fb a8cb7bfd
0x0000007a87d12bbc:   d65f03c0 f9401421 f9400020 91000400
0x0000007a87d12bcc:   f9000020 34fffbf8 aa1c03e0 97f323e6
0x0000007a87d12bdc:   2a1803e0 a94153f3 a9425bf5 a94363f7
0x0000007a87d12bec:   a9446bf9 a94573fb a8cb7bfd d65f03c0
0x0000007a87d12bfc:   aa1c03e2 d2800601 528000c0 97f323b3
0x0000007a87d12c0c:   528000c0 97f323a8 72001c1f 54ffe6a0
0x0000007a87d12c1c:   aa1c03e0 97f323c0 12001c18 17ffff32
0x0000007a87d12c2c:   39424fe0 f9402661 f90053e1 34001480
0x0000007a87d12c3c:   39424be0 34fff740 d53bd041 f0003780
0x0000007a87d12c4c:   f9441402 9120a000 d63f0040 f8606835
0x0000007a87d12c5c:   910662b4 f9400a93 b40017b3 900037a0
0x0000007a87d12c6c:   910203f7 aa1303e1 aa1403e3 f9445004
0x0000007a87d12c7c:   aa1503e2 aa1703e0 39428896 710002df
0x0000007a87d12c8c:   1a9f07e4 94000450 12001c00 710002df
0x0000007a87d12c9c:   52000000 1a9f17e1 6a00003f 54fff400
0x0000007a87d12cac:   aa1403e3 aa1503e2 aa1303e1 aa1703e0
0x0000007a87d12cbc:   52800024 94000444 72001c1f 54fff300 


Stack slot to memory mapping:
stack at sp + 0 slots: 0x0000007a503fe0b0 is pointing into the stack for thread: 0x0000007a0400ecb0
stack at sp + 1 slots: 0x0000007a87d139e4: <offset 0x0000000000b349e4> in /home/doonee63/.vscode/extensions/redhat.java-1.10.0-linux-arm64/jre/17.0.4-linux-aarch64/lib/server/libjvm.so at 0x0000007a871df000
stack at sp + 2 slots: 0x0000007a0400ecb0 is a thread
stack at sp + 3 slots: 0x0000007a503fe128 is pointing into the stack for thread: 0x0000007a0400ecb0
stack at sp + 4 slots: 0x0000000000000032 is an unknown value
stack at sp + 5 slots: 0x0000000000000001 is an unknown value
stack at sp + 6 slots: 0x0000007a0400f6f0 points into unknown readable memory: 0x0000000000000000 | 00 00 00 00 00 00 00 00
stack at sp + 7 slots: 0x0000007a0400efe8 points into unknown readable memory: 0x63652f6700000006 | 06 00 00 00 67 2f 65 63


---------------  P R O C E S S  ---------------

Threads class SMR info:
_java_thread_list=0x0000007a100023b0, length=43, elements={
0x0000007a80025ba0, 0x0000007a8015ec70, 0x0000007a80160270, 0x0000007a801875f0,
0x0000007a8018af00, 0x0000007a8018bf10, 0x0000007a8018d510, 0x0000007a8018e9e0,
0x0000007a8018fe40, 0x0000007a8022de70, 0x0000007a802ff260, 0x0000007a8055c700,
0x0000007a8054c420, 0x0000007a240177f0, 0x0000007a8054e5d0, 0x0000007a1c032f00,
0x0000007a1c139260, 0x0000007a1c219210, 0x0000007a1c59c260, 0x0000007a1c5a72a0,
0x0000007a04000e10, 0x0000007a0400ecb0, 0x0000007a1ca57db0, 0x00000079f4000e10,
0x00000079f0000e10, 0x0000005f944c6af0, 0x0000007a8052f530, 0x00000079f0002d70,
0x00000079f0008130, 0x00000079f0017940, 0x00000079f0033e30, 0x0000007a80542420,
0x0000007a08dbc590, 0x0000007a140096d0, 0x0000007a1400cd10, 0x00000079f0111ee0,
0x00000079f0113e30, 0x0000007a04454080, 0x00000079f8008680, 0x00000079f8001c50,
0x00000079f8003200, 0x00000079f8004320, 0x0000007a00223ad0
}

Java Threads: ( => current thread )
  0x0000007a80025ba0 JavaThread "main" [_thread_blocked, id=16237, stack(0x0000007a86f1c000,0x0000007a8711c000)]
  0x0000007a8015ec70 JavaThread "Reference Handler" daemon [_thread_blocked, id=16248, stack(0x0000007a68bf6000,0x0000007a68df6000)]
  0x0000007a80160270 JavaThread "Finalizer" daemon [_thread_blocked, id=16249, stack(0x0000007a689f6000,0x0000007a68bf6000)]
  0x0000007a801875f0 JavaThread "Signal Dispatcher" daemon [_thread_blocked, id=16255, stack(0x0000007a6850f000,0x0000007a6870f000)]
  0x0000007a8018af00 JavaThread "Service Thread" daemon [_thread_blocked, id=16256, stack(0x0000007a6830f000,0x0000007a6850f000)]
  0x0000007a8018bf10 JavaThread "Monitor Deflation Thread" daemon [_thread_blocked, id=16258, stack(0x0000007a6810f000,0x0000007a6830f000)]
  0x0000007a8018d510 JavaThread "C2 CompilerThread0" daemon [_thread_in_vm, id=16259, stack(0x0000007a53e00000,0x0000007a54000000)]
  0x0000007a8018e9e0 JavaThread "C1 CompilerThread0" daemon [_thread_blocked, id=16260, stack(0x0000007a53c00000,0x0000007a53e00000)]
  0x0000007a8018fe40 JavaThread "Sweeper thread" daemon [_thread_blocked, id=16261, stack(0x0000007a53a00000,0x0000007a53c00000)]
  0x0000007a8022de70 JavaThread "Common-Cleaner" daemon [_thread_blocked, id=16264, stack(0x0000007a53800000,0x0000007a53a00000)]
  0x0000007a802ff260 JavaThread "Notification Thread" daemon [_thread_blocked, id=16265, stack(0x0000007a53600000,0x0000007a53800000)]
  0x0000007a8055c700 JavaThread "Active Thread: Equinox Container: 162ed728-778d-4035-ab73-02c5898cc081" [_thread_blocked, id=16270, stack(0x0000007a521fc000,0x0000007a523fc000)]
  0x0000007a8054c420 JavaThread "Refresh Thread: Equinox Container: 162ed728-778d-4035-ab73-02c5898cc081" daemon [_thread_blocked, id=16272, stack(0x0000007a51ffc000,0x0000007a521fc000)]
  0x0000007a240177f0 JavaThread "Framework Event Dispatcher: Equinox Container: 162ed728-778d-4035-ab73-02c5898cc081" daemon [_thread_blocked, id=16273, stack(0x0000007a51dfc000,0x0000007a51ffc000)]
  0x0000007a8054e5d0 JavaThread "Start Level: Equinox Container: 162ed728-778d-4035-ab73-02c5898cc081" daemon [_thread_blocked, id=16274, stack(0x0000007a51bfc000,0x0000007a51dfc000)]
  0x0000007a1c032f00 JavaThread "SCR Component Actor" daemon [_thread_blocked, id=16275, stack(0x0000007a519fc000,0x0000007a51bfc000)]
  0x0000007a1c139260 JavaThread "Bundle File Closer" daemon [_thread_blocked, id=16278, stack(0x0000007a515fc000,0x0000007a517fc000)]
  0x0000007a1c219210 JavaThread "Worker-JM" [_thread_blocked, id=16279, stack(0x0000007a50a00000,0x0000007a50c00000)]
  0x0000007a1c59c260 JavaThread "Worker-0" [_thread_blocked, id=16281, stack(0x0000007a50800000,0x0000007a50a00000)]
  0x0000007a1c5a72a0 JavaThread "Worker-1" [_thread_blocked, id=16282, stack(0x0000007a50600000,0x0000007a50800000)]
  0x0000007a04000e10 JavaThread "Worker-2" [_thread_blocked, id=16283, stack(0x0000007a50400000,0x0000007a50600000)]
=>0x0000007a0400ecb0 JavaThread "Worker-3" [_thread_in_vm, id=16284, stack(0x0000007a50200000,0x0000007a50400000)]
  0x0000007a1ca57db0 JavaThread "Java indexing" daemon [_thread_blocked, id=16285, stack(0x0000007a50000000,0x0000007a50200000)]
  0x00000079f4000e10 JavaThread "Worker-4: Building" [_thread_in_vm, id=16286, stack(0x00000079ff600000,0x00000079ff800000)]
  0x00000079f0000e10 JavaThread "Worker-5" [_thread_in_Java, id=16287, stack(0x00000079ff400000,0x00000079ff600000)]
  0x0000005f944c6af0 JavaThread "Worker-6: Initialize workspace" [_thread_blocked, id=16288, stack(0x00000079ff200000,0x00000079ff400000)]
  0x0000007a8052f530 JavaThread "pool-2-thread-1" [_thread_blocked, id=16289, stack(0x00000079ff000000,0x00000079ff200000)]
  0x00000079f0002d70 JavaThread "Worker-7: Updating workspace" [_thread_in_vm, id=16290, stack(0x00000079fe600000,0x00000079fe800000)]
  0x00000079f0008130 JavaThread "Timer-0" [_thread_blocked, id=16291, stack(0x00000079fe400000,0x00000079fe600000)]
  0x00000079f0017940 JavaThread "Timer-1" [_thread_blocked, id=16292, stack(0x00000079fe200000,0x00000079fe400000)]
  0x00000079f0033e30 JavaThread "Timer-2" [_thread_blocked, id=16293, stack(0x00000079fe000000,0x00000079fe200000)]
  0x0000007a80542420 JavaThread "pool-1-thread-1" [_thread_in_native, id=16294, stack(0x00000079fde00000,0x00000079fe000000)]
  0x0000007a08dbc590 JavaThread "Exec process" [_thread_blocked, id=16298, stack(0x0000007a517fc000,0x0000007a519fc000)]
  0x0000007a140096d0 JavaThread "process reaper" daemon [_thread_in_native, id=16307, stack(0x0000007a6804e000,0x0000007a68078000)]
  0x0000007a1400cd10 JavaThread "Exec process Thread 3" [_thread_blocked, id=16309, stack(0x00000079fd000000,0x00000079fd200000)]
  0x00000079f0111ee0 JavaThread "Timer-3" [_thread_blocked, id=16432, stack(0x00000079fdc00000,0x00000079fde00000)]
  0x00000079f0113e30 JavaThread "Timer-4" [_thread_blocked, id=16434, stack(0x00000079fc600000,0x00000079fc800000)]
  0x0000007a04454080 JavaThread "Worker-8: Java indexing... " [_thread_blocked, id=16436, stack(0x00000079fc000000,0x00000079fc200000)]
  0x00000079f8008680 JavaThread "Timer-5" [_thread_blocked, id=16438, stack(0x00000079fc400000,0x00000079fc600000)]
  0x00000079f8001c50 JavaThread "Timer-6" [_thread_blocked, id=16439, stack(0x00000079fc200000,0x00000079fc400000)]
  0x00000079f8003200 JavaThread "Timer-7" [_thread_blocked, id=16503, stack(0x00000079e3211000,0x00000079e3411000)]
  0x00000079f8004320 JavaThread "Timer-8" [_thread_blocked, id=16507, stack(0x00000079e3411000,0x00000079e3611000)]
  0x0000007a00223ad0 JavaThread "Worker-9" [_thread_blocked, id=16516, stack(0x00000079e3611000,0x00000079e3811000)]

Other Threads:
  0x0000007a8014f0f0 VMThread "VM Thread" [stack: 0x0000007a68df8000,0x0000007a68ff8000] [id=16247]
  0x0000007a800707f0 WatcherThread [stack: 0x0000007a53400000,0x0000007a53600000] [id=16266]
  0x0000007a8003d340 GCTaskThread "GC Thread#0" [stack: 0x0000007a70bff000,0x0000007a70dff000] [id=16238]
  0x0000007a64001050 GCTaskThread "GC Thread#1" [stack: 0x0000007a531fe000,0x0000007a533fe000] [id=16267]
  0x0000007a64002ae0 GCTaskThread "GC Thread#2" [stack: 0x0000007a52600000,0x0000007a52800000] [id=16268]
  0x0000007a640034f0 GCTaskThread "GC Thread#3" [stack: 0x0000007a523fe000,0x0000007a525fe000] [id=16269]

Threads with active compile tasks:
C2 CompilerThread0    85307 7595   !   4       org.eclipse.jdt.internal.compiler.classfmt.ClassFileReader::<init> (2113 bytes)
C1 CompilerThread0    85307 7591       2       org.eclipse.core.internal.resources.AliasManager$LocationMap$$Lambda$129/0x0000000100235000::compare (14 bytes)

VM state: not at safepoint (normal execution)

VM Mutex/Monitor currently owned by a thread:  ([mutex/lock_event])
[0x0000007a80022710] Threads_lock - owner thread: 0x0000007a1400b700
[0x0000007a80023500] Compile_lock - owner thread: 0x0000007a8018d510
[0x0000007a800236e0] MethodCompileQueue_lock - owner thread: 0x0000007a8018e9e0
[0x0000007a80023960] PeriodicTask_lock - owner thread: 0x0000007a800707f0

Heap address: 0x00000000c0000000, size: 1024 MB, Compressed Oops mode: 32-bit

CDS archive(s) not mapped
Compressed class space mapped at: 0x0000000100000000-0x0000000140000000, reserved size: 1073741824
Narrow klass base: 0x0000000000000000, Narrow klass shift: 3, Narrow klass range: 0x140000000

GC Precious Log:
 CPUs: 4 total, 4 available
 Memory: 2813M
 Large Page Support: Disabled
 NUMA Support: Disabled
 Compressed Oops: Enabled (32-bit)
 Alignments: Space 512K, Generation 512K, Heap 2M
 Heap Min Capacity: 100M
 Heap Initial Capacity: 100M
 Heap Max Capacity: 1G
 Pre-touch: Disabled
 Parallel Workers: 4

Heap:
 PSYoungGen      total 11264K, used 3519K [0x00000000eab00000, 0x00000000ebc00000, 0x0000000100000000)
  eden space 10240K, 28% used [0x00000000eab00000,0x00000000eadda1b8,0x00000000eb500000)
  from space 1024K, 58% used [0x00000000eb500000,0x00000000eb595c40,0x00000000eb600000)
  to   space 3072K, 0% used [0x00000000eb900000,0x00000000eb900000,0x00000000ebc00000)
 ParOldGen       total 99840K, used 74754K [0x00000000c0000000, 0x00000000c6180000, 0x00000000eab00000)
  object space 99840K, 74% used [0x00000000c0000000,0x00000000c49009a0,0x00000000c6180000)
 Metaspace       used 65004K, committed 66048K, reserved 1114112K
  class space    used 7888K, committed 8384K, reserved 1048576K

Card table byte_map: [0x0000007a70dff000,0x0000007a71000000] _byte_map_base: 0x0000007a707ff000

Marking Bits: (ParMarkBitMap*) 0x0000007a884981c8
 Begin Bits: [0x0000007a6a000000, 0x0000007a6b000000)
 End Bits:   [0x0000007a6b000000, 0x0000007a6c000000)

Polling page: 0x0000007a886f8000

Metaspace:

Usage:
  Non-class:     55.78 MB used.
      Class:      7.70 MB used.
       Both:     63.48 MB used.

Virtual space:
  Non-class space:       64.00 MB reserved,      56.31 MB ( 88%) committed,  8 nodes.
      Class space:        1.00 GB reserved,       8.19 MB ( <1%) committed,  1 nodes.
             Both:        1.06 GB reserved,      64.50 MB (  6%) committed. 

Chunk freelists:
   Non-Class:  3.08 MB
       Class:  3.66 MB
        Both:  6.73 MB

MaxMetaspaceSize: unlimited
CompressedClassSpaceSize: 1.00 GB
Initial GC threshold: 21.00 MB
Current GC threshold: 105.12 MB
CDS: off
MetaspaceReclaimPolicy: balanced
 - commit_granule_bytes: 65536.
 - commit_granule_words: 8192.
 - virtual_space_node_default_size: 1048576.
 - enlarge_chunks_in_place: 1.
 - new_chunks_are_fully_committed: 0.
 - uncommit_free_chunks: 1.
 - use_allocation_guard: 0.
 - handle_deallocations: 1.


Internal statistics:

num_allocs_failed_limit: 9.
num_arena_births: 648.
num_arena_deaths: 14.
num_vsnodes_births: 9.
num_vsnodes_deaths: 0.
num_space_committed: 1032.
num_space_uncommitted: 0.
num_chunks_returned_to_freelist: 23.
num_chunks_taken_from_freelist: 3255.
num_chunk_merges: 10.
num_chunk_splits: 2007.
num_chunks_enlarged: 1145.
num_purges: 2.
num_inconsistent_stats: 0.

CodeHeap 'non-profiled nmethods': size=120032Kb used=3929Kb max_used=3929Kb free=116102Kb
 bounds [0x0000007a78ac8000, 0x0000007a78ea8000, 0x0000007a80000000]
CodeHeap 'profiled nmethods': size=120028Kb used=14220Kb max_used=14220Kb free=105807Kb
 bounds [0x0000007a71591000, 0x0000007a72381000, 0x0000007a78ac8000]
CodeHeap 'non-nmethods': size=5700Kb used=1289Kb max_used=1418Kb free=4410Kb
 bounds [0x0000007a71000000, 0x0000007a71270000, 0x0000007a71591000]
 total_blobs=7219 nmethods=6587 adapters=550
 compilation: enabled
              stopped_count=0, restarted_count=0
 full_count=0

Compilation events (20 events):
Event: 79.377 Thread 0x0000007a8018d510 7107       4       org.eclipse.jdt.internal.compiler.classfmt.MethodInfo::getGenericSignature (46 bytes)
Event: 79.386 Thread 0x0000007a8018d510 nmethod 7107 0x0000007a78e96c90 code [0x0000007a78e96e80, 0x0000007a78e97240]
Event: 79.386 Thread 0x0000007a8018d510 7583 %     4       org.eclipse.jdt.internal.core.index.DiskIndex::writeAllDocumentNames @ 300 (512 bytes)
Event: 79.398 Thread 0x0000007a8018e9e0 7584       2       java.util.LinkedList::get (14 bytes)
Event: 79.399 Thread 0x0000007a8018e9e0 nmethod 7584 0x0000007a7236fc90 code [0x0000007a7236fe40, 0x0000007a723700f8]
Event: 79.503 Thread 0x0000007a8018d510 nmethod 7583% 0x0000007a78e97510 code [0x0000007a78e97980, 0x0000007a78e996e0]
Event: 79.504 Thread 0x0000007a8018d510 7201   !   4       org.eclipse.jdt.internal.core.search.indexing.AbstractIndexer::addMethodDeclaration (42 bytes)
Event: 79.511 Thread 0x0000007a8018d510 nmethod 7201 0x0000007a78e9ab90 code [0x0000007a78e9adc0, 0x0000007a78e9b210]
Event: 79.511 Thread 0x0000007a8018d510 7202       4       org.eclipse.jdt.internal.core.search.matching.MethodDeclarationPattern::createDeclarationIndexKey (387 bytes)
Event: 79.584 Thread 0x0000007a8018e9e0 7585 %     2       java.util.Properties$LineReader::readLine @ 224 (584 bytes)
Event: 80.307 Thread 0x0000007a8018d510 nmethod 7202 0x0000007a78e9b610 code [0x0000007a78e9b9c0, 0x0000007a78e9d130]
Event: 80.307 Thread 0x0000007a8018d510 7203       4       org.eclipse.jdt.internal.core.search.matching.MethodDeclarationPattern::getTypeErasure (122 bytes)
Event: 80.319 Thread 0x0000007a8018e9e0 nmethod 7585% 0x0000007a72370290 code [0x0000007a723705c0, 0x0000007a72371ea8]
Event: 80.319 Thread 0x0000007a8018e9e0 7590       2       org.eclipse.jdt.internal.compiler.parser.Scanner::areRestrictedModuleKeywordsActive (21 bytes)
Event: 80.320 Thread 0x0000007a8018e9e0 nmethod 7590 0x0000007a72372b10 code [0x0000007a72372cc0, 0x0000007a72372e68]
Event: 80.320 Thread 0x0000007a8018e9e0 7594 %     3       org.eclipse.jdt.internal.core.search.indexing.AbstractIndexer::addConstructorDeclaration @ 36 (90 bytes)
Event: 80.524 Thread 0x0000007a8018d510 nmethod 7203 0x0000007a78e9e010 code [0x0000007a78e9e1c0, 0x0000007a78e9e350]
Event: 80.614 Thread 0x0000007a8018e9e0 nmethod 7594% 0x0000007a72372f10 code [0x0000007a723731c0, 0x0000007a72373d18]
Event: 81.385 Thread 0x0000007a8018d510 7595   !   4       org.eclipse.jdt.internal.compiler.classfmt.ClassFileReader::<init> (2113 bytes)
Event: 81.388 Thread 0x0000007a8018e9e0 7591       2       org.eclipse.core.internal.resources.AliasManager$LocationMap$$Lambda$129/0x0000000100235000::compare (14 bytes)

GC Heap History (20 events):
Event: 75.443 GC heap before
{Heap before GC invocations=63 (full 4):
 PSYoungGen      total 17408K, used 17392K [0x00000000eab00000, 0x00000000ec400000, 0x0000000100000000)
  eden space 15360K, 100% used [0x00000000eab00000,0x00000000eba00000,0x00000000eba00000)
  from space 2048K, 99% used [0x00000000eba80000,0x00000000ebc7c008,0x00000000ebc80000)
  to   space 5120K, 0% used [0x00000000ebf00000,0x00000000ebf00000,0x00000000ec400000)
 ParOldGen       total 75264K, used 58905K [0x00000000c0000000, 0x00000000c4980000, 0x00000000eab00000)
  object space 75264K, 78% used [0x00000000c0000000,0x00000000c39866c0,0x00000000c4980000)
 Metaspace       used 63301K, committed 64320K, reserved 1105920K
  class space    used 7717K, committed 8192K, reserved 1048576K
}
Event: 75.460 GC heap after
{Heap after GC invocations=63 (full 4):
 PSYoungGen      total 17920K, used 2240K [0x00000000eab00000, 0x00000000ec180000, 0x0000000100000000)
  eden space 15360K, 0% used [0x00000000eab00000,0x00000000eab00000,0x00000000eba00000)
  from space 2560K, 87% used [0x00000000ebf00000,0x00000000ec130000,0x00000000ec180000)
  to   space 3072K, 0% used [0x00000000ebb80000,0x00000000ebb80000,0x00000000ebe80000)
 ParOldGen       total 75264K, used 60961K [0x00000000c0000000, 0x00000000c4980000, 0x00000000eab00000)
  object space 75264K, 80% used [0x00000000c0000000,0x00000000c3b886c8,0x00000000c4980000)
 Metaspace       used 63301K, committed 64320K, reserved 1105920K
  class space    used 7717K, committed 8192K, reserved 1048576K
}
Event: 75.651 GC heap before
{Heap before GC invocations=64 (full 4):
 PSYoungGen      total 17920K, used 17600K [0x00000000eab00000, 0x00000000ec180000, 0x0000000100000000)
  eden space 15360K, 100% used [0x00000000eab00000,0x00000000eba00000,0x00000000eba00000)
  from space 2560K, 87% used [0x00000000ebf00000,0x00000000ec130000,0x00000000ec180000)
  to   space 3072K, 0% used [0x00000000ebb80000,0x00000000ebb80000,0x00000000ebe80000)
 ParOldGen       total 75264K, used 60961K [0x00000000c0000000, 0x00000000c4980000, 0x00000000eab00000)
  object space 75264K, 80% used [0x00000000c0000000,0x00000000c3b886c8,0x00000000c4980000)
 Metaspace       used 63318K, committed 64320K, reserved 1105920K
  class space    used 7719K, committed 8192K, reserved 1048576K
}
Event: 75.700 GC heap after
{Heap after GC invocations=64 (full 4):
 PSYoungGen      total 17920K, used 2368K [0x00000000eab00000, 0x00000000ebf80000, 0x0000000100000000)
  eden space 15360K, 0% used [0x00000000eab00000,0x00000000eab00000,0x00000000eba00000)
  from space 2560K, 92% used [0x00000000ebb80000,0x00000000ebdd0000,0x00000000ebe00000)
  to   space 1536K, 0% used [0x00000000ebe00000,0x00000000ebe00000,0x00000000ebf80000)
 ParOldGen       total 75264K, used 63148K [0x00000000c0000000, 0x00000000c4980000, 0x00000000eab00000)
  object space 75264K, 83% used [0x00000000c0000000,0x00000000c3dab2d8,0x00000000c4980000)
 Metaspace       used 63318K, committed 64320K, reserved 1105920K
  class space    used 7719K, committed 8192K, reserved 1048576K
}
Event: 75.871 GC heap before
{Heap before GC invocations=65 (full 4):
 PSYoungGen      total 17920K, used 17728K [0x00000000eab00000, 0x00000000ebf80000, 0x0000000100000000)
  eden space 15360K, 100% used [0x00000000eab00000,0x00000000eba00000,0x00000000eba00000)
  from space 2560K, 92% used [0x00000000ebb80000,0x00000000ebdd0000,0x00000000ebe00000)
  to   space 1536K, 0% used [0x00000000ebe00000,0x00000000ebe00000,0x00000000ebf80000)
 ParOldGen       total 75264K, used 63148K [0x00000000c0000000, 0x00000000c4980000, 0x00000000eab00000)
  object space 75264K, 83% used [0x00000000c0000000,0x00000000c3dab2d8,0x00000000c4980000)
 Metaspace       used 63428K, committed 64448K, reserved 1105920K
  class space    used 7723K, committed 8192K, reserved 1048576K
}
Event: 75.882 GC heap after
{Heap after GC invocations=65 (full 4):
 PSYoungGen      total 16384K, used 1514K [0x00000000eab00000, 0x00000000ec300000, 0x0000000100000000)
  eden space 14848K, 0% used [0x00000000eab00000,0x00000000eab00000,0x00000000eb980000)
  from space 1536K, 98% used [0x00000000ebe00000,0x00000000ebf7aab0,0x00000000ebf80000)
  to   space 4608K, 0% used [0x00000000eb980000,0x00000000eb980000,0x00000000ebe00000)
 ParOldGen       total 75264K, used 65828K [0x00000000c0000000, 0x00000000c4980000, 0x00000000eab00000)
  object space 75264K, 87% used [0x00000000c0000000,0x00000000c40492e8,0x00000000c4980000)
 Metaspace       used 63428K, committed 64448K, reserved 1105920K
  class space    used 7723K, committed 8192K, reserved 1048576K
}
Event: 76.017 GC heap before
{Heap before GC invocations=66 (full 4):
 PSYoungGen      total 16384K, used 16362K [0x00000000eab00000, 0x00000000ec300000, 0x0000000100000000)
  eden space 14848K, 100% used [0x00000000eab00000,0x00000000eb980000,0x00000000eb980000)
  from space 1536K, 98% used [0x00000000ebe00000,0x00000000ebf7aab0,0x00000000ebf80000)
  to   space 4608K, 0% used [0x00000000eb980000,0x00000000eb980000,0x00000000ebe00000)
 ParOldGen       total 75264K, used 65828K [0x00000000c0000000, 0x00000000c4980000, 0x00000000eab00000)
  object space 75264K, 87% used [0x00000000c0000000,0x00000000c40492e8,0x00000000c4980000)
 Metaspace       used 63428K, committed 64448K, reserved 1105920K
  class space    used 7723K, committed 8192K, reserved 1048576K
}
Event: 76.028 GC heap after
{Heap after GC invocations=66 (full 4):
 PSYoungGen      total 16896K, used 2016K [0x00000000eab00000, 0x00000000ebf80000, 0x0000000100000000)
  eden space 14848K, 0% used [0x00000000eab00000,0x00000000eab00000,0x00000000eb980000)
  from space 2048K, 98% used [0x00000000eb980000,0x00000000ebb78000,0x00000000ebb80000)
  to   space 3072K, 0% used [0x00000000ebc80000,0x00000000ebc80000,0x00000000ebf80000)
 ParOldGen       total 75264K, used 67322K [0x00000000c0000000, 0x00000000c4980000, 0x00000000eab00000)
  object space 75264K, 89% used [0x00000000c0000000,0x00000000c41bea78,0x00000000c4980000)
 Metaspace       used 63428K, committed 64448K, reserved 1105920K
  class space    used 7723K, committed 8192K, reserved 1048576K
}
Event: 76.158 GC heap before
{Heap before GC invocations=67 (full 4):
 PSYoungGen      total 16896K, used 16864K [0x00000000eab00000, 0x00000000ebf80000, 0x0000000100000000)
  eden space 14848K, 100% used [0x00000000eab00000,0x00000000eb980000,0x00000000eb980000)
  from space 2048K, 98% used [0x00000000eb980000,0x00000000ebb78000,0x00000000ebb80000)
  to   space 3072K, 0% used [0x00000000ebc80000,0x00000000ebc80000,0x00000000ebf80000)
 ParOldGen       total 75264K, used 67322K [0x00000000c0000000, 0x00000000c4980000, 0x00000000eab00000)
  object space 75264K, 89% used [0x00000000c0000000,0x00000000c41bea78,0x00000000c4980000)
 Metaspace       used 63428K, committed 64448K, reserved 1105920K
  class space    used 7723K, committed 8192K, reserved 1048576K
}
Event: 76.172 GC heap after
{Heap after GC invocations=67 (full 4):
 PSYoungGen      total 16896K, used 1952K [0x00000000eab00000, 0x00000000ebe80000, 0x0000000100000000)
  eden space 14848K, 0% used [0x00000000eab00000,0x00000000eab00000,0x00000000eb980000)
  from space 2048K, 95% used [0x00000000ebc80000,0x00000000ebe68000,0x00000000ebe80000)
  to   space 2560K, 0% used [0x00000000eb980000,0x00000000eb980000,0x00000000ebc00000)
 ParOldGen       total 75264K, used 69314K [0x00000000c0000000, 0x00000000c4980000, 0x00000000eab00000)
  object space 75264K, 92% used [0x00000000c0000000,0x00000000c43b0a78,0x00000000c4980000)
 Metaspace       used 63428K, committed 64448K, reserved 1105920K
  class space    used 7723K, committed 8192K, reserved 1048576K
}
Event: 76.343 GC heap before
{Heap before GC invocations=68 (full 4):
 PSYoungGen      total 16896K, used 16800K [0x00000000eab00000, 0x00000000ebe80000, 0x0000000100000000)
  eden space 14848K, 100% used [0x00000000eab00000,0x00000000eb980000,0x00000000eb980000)
  from space 2048K, 95% used [0x00000000ebc80000,0x00000000ebe68000,0x00000000ebe80000)
  to   space 2560K, 0% used [0x00000000eb980000,0x00000000eb980000,0x00000000ebc00000)
 ParOldGen       total 75264K, used 69314K [0x00000000c0000000, 0x00000000c4980000, 0x00000000eab00000)
  object space 75264K, 92% used [0x00000000c0000000,0x00000000c43b0a78,0x00000000c4980000)
 Metaspace       used 63487K, committed 64512K, reserved 1105920K
  class space    used 7726K, committed 8192K, reserved 1048576K
}
Event: 76.365 GC heap after
{Heap after GC invocations=68 (full 4):
 PSYoungGen      total 16896K, used 1792K [0x00000000eab00000, 0x00000000ebd80000, 0x0000000100000000)
  eden space 14848K, 0% used [0x00000000eab00000,0x00000000eab00000,0x00000000eb980000)
  from space 2048K, 87% used [0x00000000eb980000,0x00000000ebb40000,0x00000000ebb80000)
  to   space 2048K, 0% used [0x00000000ebb80000,0x00000000ebb80000,0x00000000ebd80000)
 ParOldGen       total 75264K, used 72114K [0x00000000c0000000, 0x00000000c4980000, 0x00000000eab00000)
  object space 75264K, 95% used [0x00000000c0000000,0x00000000c466ca80,0x00000000c4980000)
 Metaspace       used 63487K, committed 64512K, reserved 1105920K
  class space    used 7726K, committed 8192K, reserved 1048576K
}
Event: 76.490 GC heap before
{Heap before GC invocations=69 (full 4):
 PSYoungGen      total 16896K, used 16640K [0x00000000eab00000, 0x00000000ebd80000, 0x0000000100000000)
  eden space 14848K, 100% used [0x00000000eab00000,0x00000000eb980000,0x00000000eb980000)
  from space 2048K, 87% used [0x00000000eb980000,0x00000000ebb40000,0x00000000ebb80000)
  to   space 2048K, 0% used [0x00000000ebb80000,0x00000000ebb80000,0x00000000ebd80000)
 ParOldGen       total 75264K, used 72114K [0x00000000c0000000, 0x00000000c4980000, 0x00000000eab00000)
  object space 75264K, 95% used [0x00000000c0000000,0x00000000c466ca80,0x00000000c4980000)
 Metaspace       used 63602K, committed 64576K, reserved 1105920K
  class space    used 7734K, committed 8192K, reserved 1048576K
}
Event: 76.526 GC heap after
{Heap after GC invocations=69 (full 4):
 PSYoungGen      total 14336K, used 2027K [0x00000000eab00000, 0x00000000ec280000, 0x0000000100000000)
  eden space 12288K, 0% used [0x00000000eab00000,0x00000000eab00000,0x00000000eb700000)
  from space 2048K, 99% used [0x00000000ebb80000,0x00000000ebd7af78,0x00000000ebd80000)
  to   space 4608K, 0% used [0x00000000eb700000,0x00000000eb700000,0x00000000ebb80000)
 ParOldGen       total 75264K, used 73986K [0x00000000c0000000, 0x00000000c4980000, 0x00000000eab00000)
  object space 75264K, 98% used [0x00000000c0000000,0x00000000c4840a80,0x00000000c4980000)
 Metaspace       used 63602K, committed 64576K, reserved 1105920K
  class space    used 7734K, committed 8192K, reserved 1048576K
}
Event: 76.526 GC heap before
{Heap before GC invocations=70 (full 5):
 PSYoungGen      total 14336K, used 2027K [0x00000000eab00000, 0x00000000ec280000, 0x0000000100000000)
  eden space 12288K, 0% used [0x00000000eab00000,0x00000000eab00000,0x00000000eb700000)
  from space 2048K, 99% used [0x00000000ebb80000,0x00000000ebd7af78,0x00000000ebd80000)
  to   space 4608K, 0% used [0x00000000eb700000,0x00000000eb700000,0x00000000ebb80000)
 ParOldGen       total 75264K, used 73986K [0x00000000c0000000, 0x00000000c4980000, 0x00000000eab00000)
  object space 75264K, 98% used [0x00000000c0000000,0x00000000c4840a80,0x00000000c4980000)
 Metaspace       used 63602K, committed 64576K, reserved 1105920K
  class space    used 7734K, committed 8192K, reserved 1048576K
}
Event: 76.897 GC heap after
{Heap after GC invocations=70 (full 5):
 PSYoungGen      total 16896K, used 0K [0x00000000eab00000, 0x00000000ec000000, 0x0000000100000000)
  eden space 12288K, 0% used [0x00000000eab00000,0x00000000eab00000,0x00000000eb700000)
  from space 4608K, 0% used [0x00000000eb700000,0x00000000eb700000,0x00000000ebb80000)
  to   space 4608K, 0% used [0x00000000ebb80000,0x00000000ebb80000,0x00000000ec000000)
 ParOldGen       total 99840K, used 72671K [0x00000000c0000000, 0x00000000c6180000, 0x00000000eab00000)
  object space 99840K, 72% used [0x00000000c0000000,0x00000000c46f7c20,0x00000000c6180000)
 Metaspace       used 63602K, committed 64576K, reserved 1105920K
  class space    used 7734K, committed 8192K, reserved 1048576K
}
Event: 78.419 GC heap before
{Heap before GC invocations=71 (full 5):
 PSYoungGen      total 16896K, used 12288K [0x00000000eab00000, 0x00000000ec000000, 0x0000000100000000)
  eden space 12288K, 100% used [0x00000000eab00000,0x00000000eb700000,0x00000000eb700000)
  from space 4608K, 0% used [0x00000000eb700000,0x00000000eb700000,0x00000000ebb80000)
  to   space 4608K, 0% used [0x00000000ebb80000,0x00000000ebb80000,0x00000000ec000000)
 ParOldGen       total 99840K, used 72671K [0x00000000c0000000, 0x00000000c6180000, 0x00000000eab00000)
  object space 99840K, 72% used [0x00000000c0000000,0x00000000c46f7c20,0x00000000c6180000)
 Metaspace       used 64026K, committed 65088K, reserved 1114112K
  class space    used 7765K, committed 8256K, reserved 1048576K
}
Event: 78.480 GC heap after
{Heap after GC invocations=71 (full 5):
 PSYoungGen      total 14848K, used 4598K [0x00000000eab00000, 0x00000000ec400000, 0x0000000100000000)
  eden space 10240K, 0% used [0x00000000eab00000,0x00000000eab00000,0x00000000eb500000)
  from space 4608K, 99% used [0x00000000ebb80000,0x00000000ebffdab0,0x00000000ec000000)
  to   space 6656K, 0% used [0x00000000eb500000,0x00000000eb500000,0x00000000ebb80000)
 ParOldGen       total 99840K, used 74060K [0x00000000c0000000, 0x00000000c6180000, 0x00000000eab00000)
  object space 99840K, 74% used [0x00000000c0000000,0x00000000c4853170,0x00000000c6180000)
 Metaspace       used 64026K, committed 65088K, reserved 1114112K
  class space    used 7765K, committed 8256K, reserved 1048576K
}
Event: 80.322 GC heap before
{Heap before GC invocations=72 (full 5):
 PSYoungGen      total 14848K, used 14838K [0x00000000eab00000, 0x00000000ec400000, 0x0000000100000000)
  eden space 10240K, 100% used [0x00000000eab00000,0x00000000eb500000,0x00000000eb500000)
  from space 4608K, 99% used [0x00000000ebb80000,0x00000000ebffdab0,0x00000000ec000000)
  to   space 6656K, 0% used [0x00000000eb500000,0x00000000eb500000,0x00000000ebb80000)
 ParOldGen       total 99840K, used 74060K [0x00000000c0000000, 0x00000000c6180000, 0x00000000eab00000)
  object space 99840K, 74% used [0x00000000c0000000,0x00000000c4853170,0x00000000c6180000)
 Metaspace       used 64980K, committed 66048K, reserved 1114112K
  class space    used 7884K, committed 8384K, reserved 1048576K
}
Event: 80.477 GC heap after
{Heap after GC invocations=72 (full 5):
 PSYoungGen      total 11264K, used 599K [0x00000000eab00000, 0x00000000ebc00000, 0x0000000100000000)
  eden space 10240K, 0% used [0x00000000eab00000,0x00000000eab00000,0x00000000eb500000)
  from space 1024K, 58% used [0x00000000eb500000,0x00000000eb595c40,0x00000000eb600000)
  to   space 3072K, 0% used [0x00000000eb900000,0x00000000eb900000,0x00000000ebc00000)
 ParOldGen       total 99840K, used 74754K [0x00000000c0000000, 0x00000000c6180000, 0x00000000eab00000)
  object space 99840K, 74% used [0x00000000c0000000,0x00000000c49009a0,0x00000000c6180000)
 Metaspace       used 64980K, committed 66048K, reserved 1114112K
  class space    used 7884K, committed 8384K, reserved 1048576K
}

Deoptimization events (20 events):
Event: 76.479 Thread 0x0000007a1ca57db0 DEOPT PACKING pc=0x0000007a720fb9c8 sp=0x0000007a501fdd50
Event: 76.479 Thread 0x0000007a1ca57db0 DEOPT UNPACKING pc=0x0000007a7103eb7c sp=0x0000007a501fda80 mode 0
Event: 76.483 Thread 0x0000007a1ca57db0 DEOPT PACKING pc=0x0000007a7212dc84 sp=0x0000007a501fdd20
Event: 76.483 Thread 0x0000007a1ca57db0 DEOPT UNPACKING pc=0x0000007a7103eb7c sp=0x0000007a501fda90 mode 0
Event: 79.111 Thread 0x00000079f4000e10 DEOPT PACKING pc=0x0000007a7236c0d0 sp=0x00000079ff7fd270
Event: 79.111 Thread 0x00000079f4000e10 DEOPT UNPACKING pc=0x0000007a7103eb7c sp=0x00000079ff7fcfa0 mode 3
Event: 80.321 Thread 0x00000079f4000e10 Uncommon trap: trap_request=0xffffff45 fr.pc=0x0000007a78c99e64 relative=0x0000000000000164
Event: 80.321 Thread 0x00000079f4000e10 Uncommon trap: reason=unstable_if action=reinterpret pc=0x0000007a78c99e64 method=java.net.URI.match(CJJ)Z @ 1 c2
Event: 80.321 Thread 0x00000079f4000e10 DEOPT PACKING pc=0x0000007a78c99e64 sp=0x00000079ff7fce30
Event: 80.321 Thread 0x00000079f4000e10 DEOPT UNPACKING pc=0x0000007a7103ed1c sp=0x00000079ff7fcd00 mode 2
Event: 80.321 Thread 0x00000079f4000e10 Uncommon trap: trap_request=0xffffff45 fr.pc=0x0000007a78d5f644 relative=0x0000000000000144
Event: 80.321 Thread 0x00000079f4000e10 Uncommon trap: reason=unstable_if action=reinterpret pc=0x0000007a78d5f644 method=java.net.URI$Parser.scan(IIJJ)I @ 42 c2
Event: 80.321 Thread 0x00000079f4000e10 DEOPT PACKING pc=0x0000007a78d5f644 sp=0x00000079ff7fcd50
Event: 80.321 Thread 0x00000079f4000e10 DEOPT UNPACKING pc=0x0000007a7103ed1c sp=0x00000079ff7fcc10 mode 2
Event: 80.611 Thread 0x0000007a1ca57db0 DEOPT PACKING pc=0x0000007a720fb9c8 sp=0x0000007a501fdd50
Event: 80.611 Thread 0x0000007a1ca57db0 DEOPT UNPACKING pc=0x0000007a7103eb7c sp=0x0000007a501fda80 mode 0
Event: 81.388 Thread 0x00000079f4000e10 Uncommon trap: trap_request=0xffffffde fr.pc=0x0000007a78d66b2c relative=0x000000000000096c
Event: 81.388 Thread 0x00000079f4000e10 Uncommon trap: reason=class_check action=maybe_recompile pc=0x0000007a78d66b2c method=org.eclipse.core.internal.dtree.DeltaDataTree.lookup(Lorg/eclipse/core/runtime/IPath;)Lorg/eclipse/core/internal/dtree/DataTreeLookup; @ 125 c2
Event: 81.388 Thread 0x00000079f4000e10 DEOPT PACKING pc=0x0000007a78d66b2c sp=0x00000079ff7fd470
Event: 81.388 Thread 0x00000079f4000e10 DEOPT UNPACKING pc=0x0000007a7103ed1c sp=0x00000079ff7fd2e0 mode 2

Classes unloaded (7 events):
Event: 10.392 Thread 0x0000007a8014f0f0 Unloading class 0x0000000100213c00 'java/lang/invoke/LambdaForm$MH+0x0000000100213c00'
Event: 10.392 Thread 0x0000007a8014f0f0 Unloading class 0x0000000100213800 'java/lang/invoke/LambdaForm$MH+0x0000000100213800'
Event: 10.392 Thread 0x0000007a8014f0f0 Unloading class 0x0000000100213400 'java/lang/invoke/LambdaForm$MH+0x0000000100213400'
Event: 10.392 Thread 0x0000007a8014f0f0 Unloading class 0x0000000100213000 'java/lang/invoke/LambdaForm$MH+0x0000000100213000'
Event: 10.392 Thread 0x0000007a8014f0f0 Unloading class 0x0000000100212800 'java/lang/invoke/LambdaForm$BMH+0x0000000100212800'
Event: 10.392 Thread 0x0000007a8014f0f0 Unloading class 0x0000000100212400 'java/lang/invoke/LambdaForm$DMH+0x0000000100212400'
Event: 10.392 Thread 0x0000007a8014f0f0 Unloading class 0x0000000100200400 'java/lang/invoke/LambdaForm$DMH+0x0000000100200400'

Classes redefined (0 events):
No events

Internal exceptions (20 events):
Event: 72.290 Thread 0x0000007a04000e10 Exception <a 'sun/nio/fs/UnixException'{0x00000000eb96e160}> (0x00000000eb96e160) 
thrown [src/hotspot/share/prims/jni.cpp, line 516]
Event: 72.615 Thread 0x0000007a1ca57db0 Exception <a 'sun/nio/fs/UnixException'{0x00000000eab81c70}> (0x00000000eab81c70) 
thrown [src/hotspot/share/prims/jni.cpp, line 516]
Event: 72.736 Thread 0x0000007a1ca57db0 Exception <a 'sun/nio/fs/UnixException'{0x00000000eac85cb8}> (0x00000000eac85cb8) 
thrown [src/hotspot/share/prims/jni.cpp, line 516]
Event: 72.903 Thread 0x0000007a1ca57db0 Exception <a 'sun/nio/fs/UnixException'{0x00000000eae23320}> (0x00000000eae23320) 
thrown [src/hotspot/share/prims/jni.cpp, line 516]
Event: 72.974 Thread 0x0000007a1ca57db0 Exception <a 'sun/nio/fs/UnixException'{0x00000000eaf67980}> (0x00000000eaf67980) 
thrown [src/hotspot/share/prims/jni.cpp, line 516]
Event: 73.075 Thread 0x0000007a80542420 Exception <a 'sun/nio/fs/UnixException'{0x00000000eb2222b8}> (0x00000000eb2222b8) 
thrown [src/hotspot/share/prims/jni.cpp, line 516]
Event: 73.143 Thread 0x0000007a1ca57db0 Exception <a 'sun/nio/fs/UnixException'{0x00000000eb4af1a8}> (0x00000000eb4af1a8) 
thrown [src/hotspot/share/prims/jni.cpp, line 516]
Event: 73.165 Thread 0x00000079f4000e10 Exception <a 'java/lang/NoSuchMethodError'{0x00000000eb514968}: 'int java.lang.invoke.DirectMethodHandle$Holder.invokeStatic(java.lang.Object)'> (0x00000000eb514968) 
thrown [src/hotspot/share/interpreter/linkResolver.cpp, line 758]
Event: 73.269 Thread 0x0000007a1ca57db0 Exception <a 'sun/nio/fs/UnixException'{0x00000000eb956498}> (0x00000000eb956498) 
thrown [src/hotspot/share/prims/jni.cpp, line 516]
Event: 73.359 Thread 0x0000007a1ca57db0 Exception <a 'sun/nio/fs/UnixException'{0x00000000eabbc550}> (0x00000000eabbc550) 
thrown [src/hotspot/share/prims/jni.cpp, line 516]
Event: 73.376 Thread 0x00000079f4000e10 Exception <a 'java/io/FileNotFoundException'{0x00000000eac08818}> (0x00000000eac08818) 
thrown [src/hotspot/share/prims/jni.cpp, line 516]
Event: 73.378 Thread 0x00000079f4000e10 Exception <a 'java/io/FileNotFoundException'{0x00000000eac50920}> (0x00000000eac50920) 
thrown [src/hotspot/share/prims/jni.cpp, line 516]
Event: 73.380 Thread 0x00000079f4000e10 Exception <a 'java/io/FileNotFoundException'{0x00000000eac51fa0}> (0x00000000eac51fa0) 
thrown [src/hotspot/share/prims/jni.cpp, line 516]
Event: 73.382 Thread 0x0000007a1ca57db0 Exception <a 'sun/nio/fs/UnixException'{0x00000000eac136e8}> (0x00000000eac136e8) 
thrown [src/hotspot/share/prims/jni.cpp, line 516]
Event: 73.526 Thread 0x0000007a1ca57db0 Exception <a 'sun/nio/fs/UnixException'{0x00000000eb0ab218}> (0x00000000eb0ab218) 
thrown [src/hotspot/share/prims/jni.cpp, line 516]
Event: 75.711 Thread 0x00000079f4000e10 Implicit null exception at 0x0000007a78bcdc14 to 0x0000007a78bcdcb8
Event: 78.973 Thread 0x0000007a1ca57db0 Exception <a 'sun/nio/fs/UnixException'{0x00000000eafba718}> (0x00000000eafba718) 
thrown [src/hotspot/share/prims/jni.cpp, line 516]
Event: 79.397 Thread 0x0000007a1ca57db0 Exception <a 'sun/nio/fs/UnixException'{0x00000000eb36f028}> (0x00000000eb36f028) 
thrown [src/hotspot/share/prims/jni.cpp, line 516]
Event: 79.626 Thread 0x00000079f4000e10 Exception <a 'sun/nio/fs/UnixException'{0x00000000eb3bfcf0}> (0x00000000eb3bfcf0) 
thrown [src/hotspot/share/prims/jni.cpp, line 516]
Event: 80.621 Thread 0x00000079f4000e10 Exception <a 'sun/nio/fs/UnixException'{0x00000000eab6cc98}> (0x00000000eab6cc98) 
thrown [src/hotspot/share/prims/jni.cpp, line 516]

VM Operations (20 events):
Event: 75.700 Executing VM operation: ParallelGCFailedAllocation done
Event: 75.871 Executing VM operation: ParallelGCFailedAllocation
Event: 75.882 Executing VM operation: ParallelGCFailedAllocation done
Event: 76.005 Executing VM operation: ParallelGCFailedAllocation
Event: 76.028 Executing VM operation: ParallelGCFailedAllocation done
Event: 76.158 Executing VM operation: ParallelGCFailedAllocation
Event: 76.172 Executing VM operation: ParallelGCFailedAllocation done
Event: 76.343 Executing VM operation: ParallelGCFailedAllocation
Event: 76.366 Executing VM operation: ParallelGCFailedAllocation done
Event: 76.486 Executing VM operation: ParallelGCFailedAllocation
Event: 76.898 Executing VM operation: ParallelGCFailedAllocation done
Event: 78.387 Executing VM operation: ParallelGCFailedAllocation
Event: 78.480 Executing VM operation: ParallelGCFailedAllocation done
Event: 79.025 Executing VM operation: HandshakeAllThreads
Event: 79.026 Executing VM operation: HandshakeAllThreads done
Event: 80.027 Executing VM operation: Cleanup
Event: 80.304 Executing VM operation: Cleanup done
Event: 80.322 Executing VM operation: ParallelGCFailedAllocation
Event: 80.526 Executing VM operation: ParallelGCFailedAllocation done
Event: 81.526 Executing VM operation: Cleanup

Events (20 events):
Event: 75.433 Thread 0x0000007a00223ad0 Thread added: 0x0000007a00223ad0
Event: 75.435 Protecting memory [0x00000079e3611000,0x00000079e3615000] with protection modes 0
Event: 78.960 loading class java/lang/ExceptionInInitializerError
Event: 78.960 loading class java/lang/ExceptionInInitializerError done
Event: 80.318 loading class java/util/TreeMap$AscendingSubMap
Event: 80.319 loading class java/util/TreeMap$NavigableSubMap
Event: 80.320 loading class java/util/TreeMap$NavigableSubMap done
Event: 80.320 loading class java/util/TreeMap$AscendingSubMap done
Event: 80.322 loading class java/util/AbstractMap$2
Event: 80.527 loading class java/util/AbstractMap$2 done
Event: 80.616 loading class java/util/AbstractMap$2$1
Event: 80.616 loading class java/util/AbstractMap$2$1 done
Event: 80.616 loading class java/util/TreeMap$AscendingSubMap$AscendingEntrySetView
Event: 80.617 loading class java/util/TreeMap$NavigableSubMap$EntrySetView
Event: 80.617 loading class java/util/TreeMap$NavigableSubMap$EntrySetView done
Event: 80.618 loading class java/util/TreeMap$AscendingSubMap$AscendingEntrySetView done
Event: 80.618 loading class java/util/TreeMap$NavigableSubMap$SubMapEntryIterator
Event: 80.618 loading class java/util/TreeMap$NavigableSubMap$SubMapIterator
Event: 80.619 loading class java/util/TreeMap$NavigableSubMap$SubMapIterator done
Event: 80.619 loading class java/util/TreeMap$NavigableSubMap$SubMapEntryIterator done


Dynamic libraries:
c0000000-c6180000 rw-p 00000000 00:00 0 
c6180000-eab00000 ---p 00000000 00:00 0 
eab00000-ebc00000 rw-p 00000000 00:00 0 
ebc00000-100000000 ---p 00000000 00:00 0 
100000000-100020000 rw-p 00000000 00:00 0 
100020000-100040000 rw-p 00000000 00:00 0 
100040000-1000c0000 rw-p 00000000 00:00 0 
1000c0000-1000e0000 rw-p 00000000 00:00 0 
1000e0000-100140000 rw-p 00000000 00:00 0 
100140000-100180000 rw-p 00000000 00:00 0 
100180000-100240000 rw-p 00000000 00:00 0 
100240000-100280000 rw-p 00000000 00:00 0 
100280000-1003c0000 rw-p 00000000 00:00 0 
1003c0000-100400000 rw-p 00000000 00:00 0 
100400000-1007d0000 rw-p 00000000 00:00 0 
1007d0000-100800000 ---p 00000000 00:00 0 
100800000-100860000 rw-p 00000000 00:00 0 
100860000-140000000 ---p 00000000 00:00 0 
5f66ec0000-5f66ec2000 r-xp 00000000 00:2c 408244                         /home/doonee63/.vscode/extensions/redhat.java-1.10.0-linux-arm64/jre/17.0.4-linux-aarch64/bin/java
5f66edf000-5f66ee0000 r--p 0000f000 00:2c 408244                         /home/doonee63/.vscode/extensions/redhat.java-1.10.0-linux-arm64/jre/17.0.4-linux-aarch64/bin/java
5f66ee0000-5f66ee1000 rw-p 00010000 00:2c 408244                         /home/doonee63/.vscode/extensions/redhat.java-1.10.0-linux-arm64/jre/17.0.4-linux-aarch64/bin/java
5f944af000-5f944d0000 rw-p 00000000 00:00 0                              [heap]
79e2179000-79e24f0000 rw-p 00000000 00:00 0 
79e24f0000-79e2c00000 ---p 00000000 00:00 0 
79e2e11000-79e2e15000 ---p 00000000 00:00 0 
79e2e15000-79e3011000 rw-p 00000000 00:00 0 
79e3011000-79e3015000 ---p 00000000 00:00 0 
79e3015000-79e3211000 rw-p 00000000 00:00 0 
79e3211000-79e3215000 ---p 00000000 00:00 0 
79e3215000-79e3411000 rw-p 00000000 00:00 0 
79e3411000-79e3415000 ---p 00000000 00:00 0 
79e3415000-79e3611000 rw-p 00000000 00:00 0 
79e3611000-79e3615000 ---p 00000000 00:00 0 
79e3615000-79e3811000 rw-p 00000000 00:00 0 
79e3811000-79ec000000 r--s 00000000 00:2c 390151                         /usr/lib/jvm/java-11-openjdk-arm64/lib/modules
79ec000000-79ec069000 rw-p 00000000 00:00 0 
79ec069000-79f0000000 ---p 00000000 00:00 0 
79f0000000-79f023f000 rw-p 00000000 00:00 0 
79f023f000-79f4000000 ---p 00000000 00:00 0 
79f4000000-79f4021000 rw-p 00000000 00:00 0 
79f4021000-79f8000000 ---p 00000000 00:00 0 
79f8000000-79f807d000 rw-p 00000000 00:00 0 
79f807d000-79fc000000 ---p 00000000 00:00 0 
79fc000000-79fc004000 ---p 00000000 00:00 0 
79fc004000-79fc200000 rw-p 00000000 00:00 0 
79fc200000-79fc204000 ---p 00000000 00:00 0 
79fc204000-79fc400000 rw-p 00000000 00:00 0 
79fc400000-79fc404000 ---p 00000000 00:00 0 
79fc404000-79fc600000 rw-p 00000000 00:00 0 
79fc600000-79fc604000 ---p 00000000 00:00 0 
79fc604000-79fc900000 rw-p 00000000 00:00 0 
79fc900000-79fca00000 rw-p 00000000 00:00 0 
79fca00000-79fcd00000 rw-p 00000000 00:00 0 
79fcd00000-79fcd60000 rw-p 00000000 00:00 0 
79fcd60000-79fce00000 ---p 00000000 00:00 0 
79fce00000-79fd000000 rw-p 00000000 00:00 0 
79fd000000-79fd004000 ---p 00000000 00:00 0 
79fd004000-79fd200000 rw-p 00000000 00:00 0 
79fd200000-79fd204000 ---p 00000000 00:00 0 
79fd204000-79fdc00000 rw-p 00000000 00:00 0 
79fdc00000-79fdc04000 ---p 00000000 00:00 0 
79fdc04000-79fde00000 rw-p 00000000 00:00 0 
79fde00000-79fde04000 ---p 00000000 00:00 0 
79fde04000-79fe000000 rw-p 00000000 00:00 0 
79fe000000-79fe004000 ---p 00000000 00:00 0 
79fe004000-79fe200000 rw-p 00000000 00:00 0 
79fe200000-79fe204000 ---p 00000000 00:00 0 
79fe204000-79fe400000 rw-p 00000000 00:00 0 
79fe400000-79fe404000 ---p 00000000 00:00 0 
79fe404000-79fe600000 rw-p 00000000 00:00 0 
79fe600000-79fe604000 ---p 00000000 00:00 0 
79fe604000-79fea00000 rw-p 00000000 00:00 0 
79fea00000-79fed00000 rw-p 00000000 00:00 0 
79fed00000-79fee00000 rw-p 00000000 00:00 0 
79fee00000-79ff000000 rw-p 00000000 00:00 0 
79ff000000-79ff004000 ---p 00000000 00:00 0 
79ff004000-79ff200000 rw-p 00000000 00:00 0 
79ff200000-79ff204000 ---p 00000000 00:00 0 
79ff204000-79ff400000 rw-p 00000000 00:00 0 
79ff400000-79ff404000 ---p 00000000 00:00 0 
79ff404000-79ff600000 rw-p 00000000 00:00 0 
79ff600000-79ff604000 ---p 00000000 00:00 0 
79ff604000-79ffd00000 rw-p 00000000 00:00 0 
79ffd00000-79ffe00000 rw-p 00000000 00:00 0 
79ffe00000-7a00000000 rw-p 00000000 00:00 0 
7a00000000-7a00226000 rw-p 00000000 00:00 0 
7a00226000-7a04000000 ---p 00000000 00:00 0 
7a04000000-7a0445a000 rw-p 00000000 00:00 0 
7a0445a000-7a08000000 ---p 00000000 00:00 0 
7a08000000-7a097b0000 rw-p 00000000 00:00 0 
7a097b0000-7a0c000000 ---p 00000000 00:00 0 
7a0c000000-7a0c045000 rw-p 00000000 00:00 0 
7a0c045000-7a10000000 ---p 00000000 00:00 0 
7a10000000-7a10021000 rw-p 00000000 00:00 0 
7a10021000-7a14000000 ---p 00000000 00:00 0 
7a14000000-7a14021000 rw-p 00000000 00:00 0 
7a14021000-7a18000000 ---p 00000000 00:00 0 
7a18000000-7a18021000 rw-p 00000000 00:00 0 
7a18021000-7a1c000000 ---p 00000000 00:00 0 
7a1c000000-7a1cc0d000 rw-p 00000000 00:00 0 
7a1cc0d000-7a20000000 ---p 00000000 00:00 0 
7a20000000-7a20021000 rw-p 00000000 00:00 0 
7a20021000-7a24000000 ---p 00000000 00:00 0 
7a24000000-7a24046000 rw-p 00000000 00:00 0 
7a24046000-7a28000000 ---p 00000000 00:00 0 
7a28000000-7a28021000 rw-p 00000000 00:00 0 
7a28021000-7a2c000000 ---p 00000000 00:00 0 
7a2c000000-7a2c02f000 rw-p 00000000 00:00 0 
7a2c02f000-7a30000000 ---p 00000000 00:00 0 
7a30000000-7a30021000 rw-p 00000000 00:00 0 
7a30021000-7a34000000 ---p 00000000 00:00 0 
7a34000000-7a34021000 rw-p 00000000 00:00 0 
7a34021000-7a38000000 ---p 00000000 00:00 0 
7a38000000-7a38021000 rw-p 00000000 00:00 0 
7a38021000-7a3c000000 ---p 00000000 00:00 0 
7a3c000000-7a3c021000 rw-p 00000000 00:00 0 
7a3c021000-7a40000000 ---p 00000000 00:00 0 
7a40000000-7a40886000 rw-p 00000000 00:00 0 
7a40886000-7a44000000 ---p 00000000 00:00 0 
7a44000000-7a4409a000 rw-p 00000000 00:00 0 
7a4409a000-7a48000000 ---p 00000000 00:00 0 
7a48000000-7a49a68000 rw-p 00000000 00:00 0 
7a49a68000-7a4c000000 ---p 00000000 00:00 0 
7a4c000000-7a4c021000 rw-p 00000000 00:00 0 
7a4c021000-7a50000000 ---p 00000000 00:00 0 
7a50000000-7a50004000 ---p 00000000 00:00 0 
7a50004000-7a50200000 rw-p 00000000 00:00 0 
7a50200000-7a50204000 ---p 00000000 00:00 0 
7a50204000-7a50400000 rw-p 00000000 00:00 0 
7a50400000-7a50404000 ---p 00000000 00:00 0 
7a50404000-7a50600000 rw-p 00000000 00:00 0 
7a50600000-7a50604000 ---p 00000000 00:00 0 
7a50604000-7a50800000 rw-p 00000000 00:00 0 
7a50800000-7a50804000 ---p 00000000 00:00 0 
7a50804000-7a50a00000 rw-p 00000000 00:00 0 
7a50a00000-7a50a04000 ---p 00000000 00:00 0 
7a50a04000-7a50d80000 rw-p 00000000 00:00 0 
7a50d80000-7a50e00000 rw-p 00000000 00:00 0 
7a50e00000-7a51100000 rw-p 00000000 00:00 0 
7a51100000-7a51200000 rw-p 00000000 00:00 0 
7a51200000-7a51400000 rw-p 00000000 00:00 0 
7a5141a000-7a515fc000 rw-p 00000000 00:00 0 
7a515fc000-7a51600000 ---p 00000000 00:00 0 
7a51600000-7a517fc000 rw-p 00000000 00:00 0 
7a517fc000-7a51800000 ---p 00000000 00:00 0 
7a51800000-7a519fc000 rw-p 00000000 00:00 0 
7a519fc000-7a51a00000 ---p 00000000 00:00 0 
7a51a00000-7a51bfc000 rw-p 00000000 00:00 0 
7a51bfc000-7a51c00000 ---p 00000000 00:00 0 
7a51c00000-7a51dfc000 rw-p 00000000 00:00 0 
7a51dfc000-7a51e00000 ---p 00000000 00:00 0 
7a51e00000-7a51ffc000 rw-p 00000000 00:00 0 
7a51ffc000-7a52000000 ---p 00000000 00:00 0 
7a52000000-7a521fc000 rw-p 00000000 00:00 0 
7a521fc000-7a52200000 ---p 00000000 00:00 0 
7a52200000-7a523fc000 rw-p 00000000 00:00 0 
7a523fc000-7a523fd000 ---p 00000000 00:00 0 
7a523fd000-7a525fe000 rw-p 00000000 00:00 0 
7a525fe000-7a525ff000 ---p 00000000 00:00 0 
7a525ff000-7a52900000 rw-p 00000000 00:00 0 
7a52900000-7a52a00000 rw-p 00000000 00:00 0 
7a52a00000-7a52c00000 rw-p 00000000 00:00 0 
7a52c00000-7a52d00000 rw-p 00000000 00:00 0 
7a52d00000-7a52e00000 rw-p 00000000 00:00 0 
7a52e00000-7a52f00000 rw-p 00000000 00:00 0 
7a52f00000-7a53000000 rw-p 00000000 00:00 0 
7a53024000-7a531db000 r-xp 00000000 00:2c 2849                           /usr/lib/aarch64-linux-gnu/libstdc++.so.6.0.28
7a531db000-7a531eb000 ---p 001b7000 00:2c 2849                           /usr/lib/aarch64-linux-gnu/libstdc++.so.6.0.28
7a531eb000-7a531f6000 r--p 001b7000 00:2c 2849                           /usr/lib/aarch64-linux-gnu/libstdc++.so.6.0.28
7a531f6000-7a531f9000 rw-p 001c2000 00:2c 2849                           /usr/lib/aarch64-linux-gnu/libstdc++.so.6.0.28
7a531f9000-7a531fc000 rw-p 00000000 00:00 0 
7a531fc000-7a531fd000 ---p 00000000 00:00 0 
7a531fd000-7a533fe000 rw-p 00000000 00:00 0 
7a533fe000-7a533ff000 ---p 00000000 00:00 0 
7a533ff000-7a53600000 rw-p 00000000 00:00 0 
7a53600000-7a53604000 ---p 00000000 00:00 0 
7a53604000-7a53800000 rw-p 00000000 00:00 0 
7a53800000-7a53804000 ---p 00000000 00:00 0 
7a53804000-7a53a00000 rw-p 00000000 00:00 0 
7a53a00000-7a53a04000 ---p 00000000 00:00 0 
7a53a04000-7a53c00000 rw-p 00000000 00:00 0 
7a53c00000-7a53c04000 ---p 00000000 00:00 0 
7a53c04000-7a53e00000 rw-p 00000000 00:00 0 
7a53e00000-7a53e04000 ---p 00000000 00:00 0 
7a53e04000-7a54000000 rw-p 00000000 00:00 0 
7a54000000-7a54021000 rw-p 00000000 00:00 0 
7a54021000-7a58000000 ---p 00000000 00:00 0 
7a58000000-7a58021000 rw-p 00000000 00:00 0 
7a58021000-7a5c000000 ---p 00000000 00:00 0 
7a5c000000-7a5c021000 rw-p 00000000 00:00 0 
7a5c021000-7a60000000 ---p 00000000 00:00 0 
7a60000000-7a60021000 rw-p 00000000 00:00 0 
7a60021000-7a64000000 ---p 00000000 00:00 0 
7a64000000-7a64021000 rw-p 00000000 00:00 0 
7a64021000-7a68000000 ---p 00000000 00:00 0 
7a6802d000-7a6802f000 r-xp 00000000 00:2c 408622                         /home/doonee63/.vscode/extensions/redhat.java-1.10.0-linux-arm64/jre/17.0.4-linux-aarch64/lib/libextnet.so
7a6802f000-7a6804c000 ---p 00002000 00:2c 408622                         /home/doonee63/.vscode/extensions/redhat.java-1.10.0-linux-arm64/jre/17.0.4-linux-aarch64/lib/libextnet.so
7a6804c000-7a6804d000 r--p 0000f000 00:2c 408622                         /home/doonee63/.vscode/extensions/redhat.java-1.10.0-linux-arm64/jre/17.0.4-linux-aarch64/lib/libextnet.so
7a6804d000-7a6804e000 rw-p 00010000 00:2c 408622                         /home/doonee63/.vscode/extensions/redhat.java-1.10.0-linux-arm64/jre/17.0.4-linux-aarch64/lib/libextnet.so
7a6804e000-7a68052000 ---p 00000000 00:00 0 
7a68052000-7a68078000 rw-p 00000000 00:00 0 
7a68078000-7a6807e000 r-xp 00000000 00:2c 408639                         /home/doonee63/.vscode/extensions/redhat.java-1.10.0-linux-arm64/jre/17.0.4-linux-aarch64/lib/libmanagement_ext.so
7a6807e000-7a68097000 ---p 00006000 00:2c 408639                         /home/doonee63/.vscode/extensions/redhat.java-1.10.0-linux-arm64/jre/17.0.4-linux-aarch64/lib/libmanagement_ext.so
7a68097000-7a68098000 r--p 0000f000 00:2c 408639                         /home/doonee63/.vscode/extensions/redhat.java-1.10.0-linux-arm64/jre/17.0.4-linux-aarch64/lib/libmanagement_ext.so
7a68098000-7a68099000 rw-p 00010000 00:2c 408639                         /home/doonee63/.vscode/extensions/redhat.java-1.10.0-linux-arm64/jre/17.0.4-linux-aarch64/lib/libmanagement_ext.so
7a68099000-7a6809d000 r-xp 00000000 00:2c 408640                         /home/doonee63/.vscode/extensions/redhat.java-1.10.0-linux-arm64/jre/17.0.4-linux-aarch64/lib/libmanagement.so
7a6809d000-7a680b8000 ---p 00004000 00:2c 408640                         /home/doonee63/.vscode/extensions/redhat.java-1.10.0-linux-arm64/jre/17.0.4-linux-aarch64/lib/libmanagement.so
7a680b8000-7a680b9000 r--p 0000f000 00:2c 408640                         /home/doonee63/.vscode/extensions/redhat.java-1.10.0-linux-arm64/jre/17.0.4-linux-aarch64/lib/libmanagement.so
7a680b9000-7a680ba000 rw-p 00010000 00:2c 408640                         /home/doonee63/.vscode/extensions/redhat.java-1.10.0-linux-arm64/jre/17.0.4-linux-aarch64/lib/libmanagement.so
7a680ba000-7a680cd000 r-xp 00000000 00:2c 2535                           /usr/lib/aarch64-linux-gnu/libgcc_s.so.1
7a680cd000-7a680dc000 ---p 00013000 00:2c 2535                           /usr/lib/aarch64-linux-gnu/libgcc_s.so.1
7a680dc000-7a680dd000 r--p 00012000 00:2c 2535                           /usr/lib/aarch64-linux-gnu/libgcc_s.so.1
7a680dd000-7a680de000 rw-p 00013000 00:2c 2535                           /usr/lib/aarch64-linux-gnu/libgcc_s.so.1
7a680ee000-7a680f3000 r-xp 00000000 00:2c 400632                         /home/doonee63/.gradle/native/e1d6ef7f7dcc3fd88c89a11ec53ec762bb8ba0a96d01ffa2cd45eb1d1d8dd5c5/linux-aarch64/libnative-platform.so
7a680f3000-7a6810d000 ---p 00005000 00:2c 400632                         /home/doonee63/.gradle/native/e1d6ef7f7dcc3fd88c89a11ec53ec762bb8ba0a96d01ffa2cd45eb1d1d8dd5c5/linux-aarch64/libnative-platform.so
7a6810d000-7a6810e000 r--p 0000f000 00:2c 400632                         /home/doonee63/.gradle/native/e1d6ef7f7dcc3fd88c89a11ec53ec762bb8ba0a96d01ffa2cd45eb1d1d8dd5c5/linux-aarch64/libnative-platform.so
7a6810e000-7a6810f000 rw-p 00010000 00:2c 400632                         /home/doonee63/.gradle/native/e1d6ef7f7dcc3fd88c89a11ec53ec762bb8ba0a96d01ffa2cd45eb1d1d8dd5c5/linux-aarch64/libnative-platform.so
7a6810f000-7a68113000 ---p 00000000 00:00 0 
7a68113000-7a6830f000 rw-p 00000000 00:00 0 
7a6830f000-7a68313000 ---p 00000000 00:00 0 
7a68313000-7a6850f000 rw-p 00000000 00:00 0 
7a6850f000-7a68513000 ---p 00000000 00:00 0 
7a68513000-7a6870f000 rw-p 00000000 00:00 0 
7a6870f000-7a689f6000 r--p 00000000 00:2c 282917                         /usr/lib/locale/locale-archive
7a689f6000-7a689fa000 ---p 00000000 00:00 0 
7a689fa000-7a68bf6000 rw-p 00000000 00:00 0 
7a68bf6000-7a68bfa000 ---p 00000000 00:00 0 
7a68bfa000-7a68df6000 rw-p 00000000 00:00 0 
7a68df6000-7a68df7000 ---p 00000000 00:00 0 
7a68df7000-7a69c00000 rw-p 00000000 00:00 0 
7a69c00000-7a69c80000 rw-p 00000000 00:00 0 
7a69c80000-7a69d00000 rw-p 00000000 00:00 0 
7a69d00000-7a6c000000 rw-p 00000000 00:00 0 
7a6c000000-7a6c021000 rw-p 00000000 00:00 0 
7a6c021000-7a70000000 ---p 00000000 00:00 0 
7a70008000-7a70014000 r-xp 00000000 00:2c 408649                         /home/doonee63/.vscode/extensions/redhat.java-1.10.0-linux-arm64/jre/17.0.4-linux-aarch64/lib/libverify.so
7a70014000-7a70026000 ---p 0000c000 00:2c 408649                         /home/doonee63/.vscode/extensions/redhat.java-1.10.0-linux-arm64/jre/17.0.4-linux-aarch64/lib/libverify.so
7a70026000-7a70028000 r--p 0000e000 00:2c 408649                         /home/doonee63/.vscode/extensions/redhat.java-1.10.0-linux-arm64/jre/17.0.4-linux-aarch64/lib/libverify.so
7a70028000-7a70029000 rw-p 00010000 00:2c 408649                         /home/doonee63/.vscode/extensions/redhat.java-1.10.0-linux-arm64/jre/17.0.4-linux-aarch64/lib/libverify.so
7a70029000-7a70062000 rw-p 00000000 00:00 0 
7a70062000-7a70079000 r-xp 00000000 00:2c 408642                         /home/doonee63/.vscode/extensions/redhat.java-1.10.0-linux-arm64/jre/17.0.4-linux-aarch64/lib/libnet.so
7a70079000-7a70091000 ---p 00017000 00:2c 408642                         /home/doonee63/.vscode/extensions/redhat.java-1.10.0-linux-arm64/jre/17.0.4-linux-aarch64/lib/libnet.so
7a70091000-7a70092000 r--p 0001f000 00:2c 408642                         /home/doonee63/.vscode/extensions/redhat.java-1.10.0-linux-arm64/jre/17.0.4-linux-aarch64/lib/libnet.so
7a70092000-7a70093000 rw-p 00020000 00:2c 408642                         /home/doonee63/.vscode/extensions/redhat.java-1.10.0-linux-arm64/jre/17.0.4-linux-aarch64/lib/libnet.so
7a70093000-7a700a6000 r-xp 00000000 00:2c 408643                         /home/doonee63/.vscode/extensions/redhat.java-1.10.0-linux-arm64/jre/17.0.4-linux-aarch64/lib/libnio.so
7a700a6000-7a700c2000 ---p 00013000 00:2c 408643                         /home/doonee63/.vscode/extensions/redhat.java-1.10.0-linux-arm64/jre/17.0.4-linux-aarch64/lib/libnio.so
7a700c2000-7a700c3000 r--p 0001f000 00:2c 408643                         /home/doonee63/.vscode/extensions/redhat.java-1.10.0-linux-arm64/jre/17.0.4-linux-aarch64/lib/libnio.so
7a700c3000-7a700c4000 rw-p 00020000 00:2c 408643                         /home/doonee63/.vscode/extensions/redhat.java-1.10.0-linux-arm64/jre/17.0.4-linux-aarch64/lib/libnio.so
7a700c4000-7a70ad8000 rw-p 00000000 00:00 0 
7a70ad8000-7a70bfd000 ---p 00000000 00:00 0 
7a70bfd000-7a70bfe000 ---p 00000000 00:00 0 
7a70bfe000-7a70e30000 rw-p 00000000 00:00 0 
7a70e30000-7a70f54000 ---p 00000000 00:00 0 
7a70f54000-7a70f5d000 rw-p 00000000 00:00 0 
7a70f5d000-7a70fff000 ---p 00000000 00:00 0 
7a70fff000-7a71000000 rw-p 00000000 00:00 0 
7a71000000-7a71270000 rwxp 00000000 00:00 0 
7a71270000-7a71591000 ---p 00000000 00:00 0 
7a71591000-7a72381000 rwxp 00000000 00:00 0 
7a72381000-7a78ac8000 ---p 00000000 00:00 0 
7a78ac8000-7a78ea8000 rwxp 00000000 00:00 0 
7a78ea8000-7a80000000 ---p 00000000 00:00 0 
7a80000000-7a80593000 rw-p 00000000 00:00 0 
7a80593000-7a84000000 ---p 00000000 00:00 0 
7a84000000-7a84008000 r-xp 00000000 00:2c 408650                         /home/doonee63/.vscode/extensions/redhat.java-1.10.0-linux-arm64/jre/17.0.4-linux-aarch64/lib/libzip.so
7a84008000-7a8401f000 ---p 00008000 00:2c 408650                         /home/doonee63/.vscode/extensions/redhat.java-1.10.0-linux-arm64/jre/17.0.4-linux-aarch64/lib/libzip.so
7a8401f000-7a84020000 r--p 0000f000 00:2c 408650                         /home/doonee63/.vscode/extensions/redhat.java-1.10.0-linux-arm64/jre/17.0.4-linux-aarch64/lib/libzip.so
7a84020000-7a84021000 rw-p 00010000 00:2c 408650                         /home/doonee63/.vscode/extensions/redhat.java-1.10.0-linux-arm64/jre/17.0.4-linux-aarch64/lib/libzip.so
7a84021000-7a8407e000 rw-p 00000000 00:00 0 
7a8407e000-7a84161000 ---p 00000000 00:00 0 
7a84161000-7a8417d000 rw-p 00000000 00:00 0 
7a8417d000-7a8424c000 ---p 00000000 00:00 0 
7a8424c000-7a84251000 rw-p 00000000 00:00 0 
7a84251000-7a84258000 ---p 00000000 00:00 0 
7a84258000-7a84263000 r-xp 00000000 00:2c 280050                         /usr/lib/aarch64-linux-gnu/libnss_files-2.31.so
7a84263000-7a84273000 ---p 0000b000 00:2c 280050                         /usr/lib/aarch64-linux-gnu/libnss_files-2.31.so
7a84273000-7a84274000 r--p 0000b000 00:2c 280050                         /usr/lib/aarch64-linux-gnu/libnss_files-2.31.so
7a84274000-7a84275000 rw-p 0000c000 00:2c 280050                         /usr/lib/aarch64-linux-gnu/libnss_files-2.31.so
7a84275000-7a8427b000 rw-p 00000000 00:00 0 
7a8427b000-7a842a0000 r-xp 00000000 00:2c 408629                         /home/doonee63/.vscode/extensions/redhat.java-1.10.0-linux-arm64/jre/17.0.4-linux-aarch64/lib/libjava.so
7a842a0000-7a842ba000 ---p 00025000 00:2c 408629                         /home/doonee63/.vscode/extensions/redhat.java-1.10.0-linux-arm64/jre/17.0.4-linux-aarch64/lib/libjava.so
7a842ba000-7a842bb000 r--p 0002f000 00:2c 408629                         /home/doonee63/.vscode/extensions/redhat.java-1.10.0-linux-arm64/jre/17.0.4-linux-aarch64/lib/libjava.so
7a842bb000-7a842bc000 rw-p 00030000 00:2c 408629                         /home/doonee63/.vscode/extensions/redhat.java-1.10.0-linux-arm64/jre/17.0.4-linux-aarch64/lib/libjava.so
7a842bc000-7a842c7000 r-xp 00000000 00:2c 408624                         /home/doonee63/.vscode/extensions/redhat.java-1.10.0-linux-arm64/jre/17.0.4-linux-aarch64/lib/libinstrument.so
7a842c7000-7a842db000 ---p 0000b000 00:2c 408624                         /home/doonee63/.vscode/extensions/redhat.java-1.10.0-linux-arm64/jre/17.0.4-linux-aarch64/lib/libinstrument.so
7a842db000-7a842dc000 r--p 0000f000 00:2c 408624                         /home/doonee63/.vscode/extensions/redhat.java-1.10.0-linux-arm64/jre/17.0.4-linux-aarch64/lib/libinstrument.so
7a842dc000-7a842dd000 rw-p 00010000 00:2c 408624                         /home/doonee63/.vscode/extensions/redhat.java-1.10.0-linux-arm64/jre/17.0.4-linux-aarch64/lib/libinstrument.so
7a842dd000-7a86eeb000 r--s 00000000 00:2c 408651                         /home/doonee63/.vscode/extensions/redhat.java-1.10.0-linux-arm64/jre/17.0.4-linux-aarch64/lib/modules
7a86eeb000-7a86f06000 r-xp 00000000 00:2c 408633                         /home/doonee63/.vscode/extensions/redhat.java-1.10.0-linux-arm64/jre/17.0.4-linux-aarch64/lib/libjimage.so
7a86f06000-7a86f19000 ---p 0001b000 00:2c 408633                         /home/doonee63/.vscode/extensions/redhat.java-1.10.0-linux-arm64/jre/17.0.4-linux-aarch64/lib/libjimage.so
7a86f19000-7a86f1b000 r--p 0001e000 00:2c 408633                         /home/doonee63/.vscode/extensions/redhat.java-1.10.0-linux-arm64/jre/17.0.4-linux-aarch64/lib/libjimage.so
7a86f1b000-7a86f1c000 rw-p 00020000 00:2c 408633                         /home/doonee63/.vscode/extensions/redhat.java-1.10.0-linux-arm64/jre/17.0.4-linux-aarch64/lib/libjimage.so
7a86f1c000-7a86f20000 ---p 00000000 00:00 0 
7a86f20000-7a8711c000 rw-p 00000000 00:00 0 
7a8711c000-7a871b5000 r-xp 00000000 00:2c 280045                         /usr/lib/aarch64-linux-gnu/libm-2.31.so
7a871b5000-7a871c5000 ---p 00099000 00:2c 280045                         /usr/lib/aarch64-linux-gnu/libm-2.31.so
7a871c5000-7a871c6000 r--p 00099000 00:2c 280045                         /usr/lib/aarch64-linux-gnu/libm-2.31.so
7a871c6000-7a871c7000 rw-p 0009a000 00:2c 280045                         /usr/lib/aarch64-linux-gnu/libm-2.31.so
7a871c7000-7a871ce000 r-xp 00000000 00:2c 280055                         /usr/lib/aarch64-linux-gnu/librt-2.31.so
7a871ce000-7a871dd000 ---p 00007000 00:2c 280055                         /usr/lib/aarch64-linux-gnu/librt-2.31.so
7a871dd000-7a871de000 r--p 00006000 00:2c 280055                         /usr/lib/aarch64-linux-gnu/librt-2.31.so
7a871de000-7a871df000 rw-p 00007000 00:2c 280055                         /usr/lib/aarch64-linux-gnu/librt-2.31.so
7a871df000-7a8832d000 r-xp 00000000 00:2c 408794                         /home/doonee63/.vscode/extensions/redhat.java-1.10.0-linux-arm64/jre/17.0.4-linux-aarch64/lib/server/libjvm.so
7a8832d000-7a8833f000 ---p 0114e000 00:2c 408794                         /home/doonee63/.vscode/extensions/redhat.java-1.10.0-linux-arm64/jre/17.0.4-linux-aarch64/lib/server/libjvm.so
7a8833f000-7a8840f000 r--p 01150000 00:2c 408794                         /home/doonee63/.vscode/extensions/redhat.java-1.10.0-linux-arm64/jre/17.0.4-linux-aarch64/lib/server/libjvm.so
7a8840f000-7a8843f000 rw-p 01220000 00:2c 408794                         /home/doonee63/.vscode/extensions/redhat.java-1.10.0-linux-arm64/jre/17.0.4-linux-aarch64/lib/server/libjvm.so
7a8843f000-7a884bc000 rw-p 00000000 00:00 0 
7a884bc000-7a88619000 r-xp 00000000 00:2c 280043                         /usr/lib/aarch64-linux-gnu/libc-2.31.so
7a88619000-7a88628000 ---p 0015d000 00:2c 280043                         /usr/lib/aarch64-linux-gnu/libc-2.31.so
7a88628000-7a8862c000 r--p 0015c000 00:2c 280043                         /usr/lib/aarch64-linux-gnu/libc-2.31.so
7a8862c000-7a8862e000 rw-p 00160000 00:2c 280043                         /usr/lib/aarch64-linux-gnu/libc-2.31.so
7a8862e000-7a88631000 rw-p 00000000 00:00 0 
7a88631000-7a88634000 r-xp 00000000 00:2c 280044                         /usr/lib/aarch64-linux-gnu/libdl-2.31.so
7a88634000-7a88643000 ---p 00003000 00:2c 280044                         /usr/lib/aarch64-linux-gnu/libdl-2.31.so
7a88643000-7a88644000 r--p 00002000 00:2c 280044                         /usr/lib/aarch64-linux-gnu/libdl-2.31.so
7a88644000-7a88645000 rw-p 00003000 00:2c 280044                         /usr/lib/aarch64-linux-gnu/libdl-2.31.so
7a88645000-7a88661000 r-xp 00000000 00:2c 280053                         /usr/lib/aarch64-linux-gnu/libpthread-2.31.so
7a88661000-7a88670000 ---p 0001c000 00:2c 280053                         /usr/lib/aarch64-linux-gnu/libpthread-2.31.so
7a88670000-7a88671000 r--p 0001b000 00:2c 280053                         /usr/lib/aarch64-linux-gnu/libpthread-2.31.so
7a88671000-7a88672000 rw-p 0001c000 00:2c 280053                         /usr/lib/aarch64-linux-gnu/libpthread-2.31.so
7a88672000-7a88676000 rw-p 00000000 00:00 0 
7a88676000-7a88685000 r-xp 00000000 00:2c 408634                         /home/doonee63/.vscode/extensions/redhat.java-1.10.0-linux-arm64/jre/17.0.4-linux-aarch64/lib/libjli.so
7a88685000-7a88695000 ---p 0000f000 00:2c 408634                         /home/doonee63/.vscode/extensions/redhat.java-1.10.0-linux-arm64/jre/17.0.4-linux-aarch64/lib/libjli.so
7a88695000-7a88696000 r--p 0000f000 00:2c 408634                         /home/doonee63/.vscode/extensions/redhat.java-1.10.0-linux-arm64/jre/17.0.4-linux-aarch64/lib/libjli.so
7a88696000-7a88697000 rw-p 00010000 00:2c 408634                         /home/doonee63/.vscode/extensions/redhat.java-1.10.0-linux-arm64/jre/17.0.4-linux-aarch64/lib/libjli.so
7a88697000-7a886b0000 r-xp 00000000 00:2c 40424                          /usr/lib/aarch64-linux-gnu/libz.so.1.2.11
7a886b0000-7a886bf000 ---p 00019000 00:2c 40424                          /usr/lib/aarch64-linux-gnu/libz.so.1.2.11
7a886bf000-7a886c0000 r--p 00018000 00:2c 40424                          /usr/lib/aarch64-linux-gnu/libz.so.1.2.11
7a886c0000-7a886c1000 rw-p 00019000 00:2c 40424                          /usr/lib/aarch64-linux-gnu/libz.so.1.2.11
7a886c2000-7a886c9000 r--s 00000000 00:2c 280307                         /usr/lib/aarch64-linux-gnu/gconv/gconv-modules.cache
7a886c9000-7a886d1000 rw-s 00000000 00:2c 478789                         /tmp/hsperfdata_doonee63/16234
7a886d1000-7a886f2000 r-xp 00000000 00:2c 280039                         /usr/lib/aarch64-linux-gnu/ld-2.31.so
7a886f8000-7a886f9000 ---p 00000000 00:00 0 
7a886f9000-7a886fa000 r--p 00000000 00:00 0 
7a886fa000-7a886fb000 ---p 00000000 00:00 0 
7a886fb000-7a886ff000 rw-p 00000000 00:00 0 
7a886ff000-7a88701000 r--p 00000000 00:00 0                              [vvar]
7a88701000-7a88702000 r-xp 00000000 00:00 0                              [vdso]
7a88702000-7a88703000 r--p 00021000 00:2c 280039                         /usr/lib/aarch64-linux-gnu/ld-2.31.so
7a88703000-7a88705000 rw-p 00022000 00:2c 280039                         /usr/lib/aarch64-linux-gnu/ld-2.31.so
7fce5e5000-7fce606000 rw-p 00000000 00:00 0                              [stack]


VM Arguments:
jvm_args: --add-modules=ALL-SYSTEM --add-opens=java.base/java.util=ALL-UNNAMED --add-opens=java.base/java.lang=ALL-UNNAMED --add-opens=java.base/sun.nio.fs=ALL-UNNAMED -Declipse.application=org.eclipse.jdt.ls.core.id1 -Dosgi.bundles.defaultStartLevel=4 -Declipse.product=org.eclipse.jdt.ls.core.product -Djava.import.generatesMetadataFilesAtProjectRoot=false -Dfile.encoding=utf8 -XX:+UseParallelGC -XX:GCTimeRatio=4 -XX:AdaptiveSizePolicyWeight=90 -Dsun.zip.disableMemoryMapping=true -Xmx1G -Xms100m -Xlog:jni+resolve=off -javaagent:/home/doonee63/.vscode/extensions/redhat.java-1.10.0-linux-arm64/lombok/lombok-1.18.24.jar -XX:+HeapDumpOnOutOfMemoryError -XX:HeapDumpPath=/home/doonee63/.config/Code/User/workspaceStorage/a933a5728d54fc72f7789cc0b632c4d6/redhat.java 
java_command: /home/doonee63/.vscode/extensions/redhat.java-1.10.0-linux-arm64/server/plugins/org.eclipse.equinox.launcher_1.6.400.v20210924-0641.jar -configuration /home/doonee63/.config/Code/User/globalStorage/redhat.java/1.10.0/config_linux -data /home/doonee63/.config/Code/User/workspaceStorage/a933a5728d54fc72f7789cc0b632c4d6/redhat.java/jdt_ws
java_class_path (initial): /home/doonee63/.vscode/extensions/redhat.java-1.10.0-linux-arm64/server/plugins/org.eclipse.equinox.launcher_1.6.400.v20210924-0641.jar
Launcher Type: SUN_STANDARD

[Global flags]
    uintx AdaptiveSizePolicyWeight                 = 90                                        {product} {command line}
     intx CICompilerCount                          = 3                                         {product} {ergonomic}
    uintx GCTimeRatio                              = 4                                         {product} {command line}
     bool HeapDumpOnOutOfMemoryError               = true                                   {manageable} {command line}
    ccstr HeapDumpPath                             = /home/doonee63/.config/Code/User/workspaceStorage/a933a5728d54fc72f7789cc0b632c4d6/redhat.java         {manageable} {command line}
   size_t InitialHeapSize                          = 104857600                                 {product} {command line}
   size_t MaxHeapSize                              = 1073741824                                {product} {command line}
   size_t MaxNewSize                               = 357564416                                 {product} {ergonomic}
   size_t MinHeapDeltaBytes                        = 524288                                    {product} {ergonomic}
   size_t MinHeapSize                              = 104857600                                 {product} {command line}
   size_t NewSize                                  = 34603008                                  {product} {ergonomic}
    uintx NonNMethodCodeHeapSize                   = 5832908                                {pd product} {ergonomic}
    uintx NonProfiledCodeHeapSize                  = 122912666                              {pd product} {ergonomic}
   size_t OldSize                                  = 70254592                                  {product} {ergonomic}
    uintx ProfiledCodeHeapSize                     = 122912666                              {pd product} {ergonomic}
    uintx ReservedCodeCacheSize                    = 251658240                              {pd product} {ergonomic}
     bool SegmentedCodeCache                       = true                                      {product} {ergonomic}
   size_t SoftMaxHeapSize                          = 1073741824                             {manageable} {ergonomic}
     bool UseCompressedClassPointers               = true                           {product lp64_product} {ergonomic}
     bool UseCompressedOops                        = true                           {product lp64_product} {ergonomic}
     bool UseParallelGC                            = true                                      {product} {command line}

Logging:
Log output configuration:
 #0: stdout all=warning,jni+resolve=off uptime,level,tags
 #1: stderr all=off uptime,level,tags

Environment Variables:
PATH=/home/doonee63/.sdkman/candidates/gradle/current/bin:/home/doonee63/gems/bin:/usr/local/bin:/usr/bin:/bin:/usr/local/games:/usr/games:/snap/bin
SHELL=/bin/bash
DISPLAY=:0
LANG=en_US.UTF-8

Signal Handlers:
   SIGSEGV: crash_handler in libjvm.so, mask=11100100010111111101111111111110, flags=SA_RESTART|SA_SIGINFO
    SIGBUS: crash_handler in libjvm.so, mask=11100100010111111101111111111110, flags=SA_RESTART|SA_SIGINFO
    SIGFPE: crash_handler in libjvm.so, mask=11100100010111111101111111111110, flags=SA_RESTART|SA_SIGINFO
   SIGPIPE: javaSignalHandler in libjvm.so, mask=11100100010111111101111111111110, flags=SA_RESTART|SA_SIGINFO
   SIGXFSZ: javaSignalHandler in libjvm.so, mask=11100100010111111101111111111110, flags=SA_RESTART|SA_SIGINFO
    SIGILL: crash_handler in libjvm.so, mask=11100100010111111101111111111110, flags=SA_RESTART|SA_SIGINFO
   SIGUSR2: SR_handler in libjvm.so, mask=00000000000000000000000000000000, flags=SA_RESTART|SA_SIGINFO
    SIGHUP: UserHandler in libjvm.so, mask=11100100010111111101111111111110, flags=SA_RESTART|SA_SIGINFO
    SIGINT: UserHandler in libjvm.so, mask=11100100010111111101111111111110, flags=SA_RESTART|SA_SIGINFO
   SIGTERM: UserHandler in libjvm.so, mask=11100100010111111101111111111110, flags=SA_RESTART|SA_SIGINFO
   SIGQUIT: UserHandler in libjvm.so, mask=11100100010111111101111111111110, flags=SA_RESTART|SA_SIGINFO
  *** Handler was modified!
  *** Expected: javaSignalHandler in libjvm.so, mask=11100100110111111111111111111110, flags=SA_RESTART|SA_SIGINFO
   SIGTRAP: crash_handler in libjvm.so, mask=11100100010111111101111111111110, flags=SA_RESTART|SA_SIGINFO


---------------  S Y S T E M  ---------------

OS:
PRETTY_NAME="Debian GNU/Linux 11 (bullseye)"
NAME="Debian GNU/Linux"
VERSION_ID="11"
VERSION="11 (bullseye)"
VERSION_CODENAME=bullseye
ID=debian
HOME_URL="https://www.debian.org/"
SUPPORT_URL="https://www.debian.org/support"
BUG_REPORT_URL="https://bugs.debian.org/"
uname: Linux 5.10.131-19115-g2e2fb0ed324d #1 SMP PREEMPT Mon Sep 12 19:16:31 PDT 2022 aarch64
OS uptime: 1 days 13:18 hours
libc: glibc 2.31 NPTL 2.31 
rlimit (soft/hard): STACK 8192k/infinity , CORE 0k/infinity , NPROC 11251/11251 , NOFILE 1048576/1048576 , AS infinity/infinity , CPU infinity/infinity , DATA infinity/infinity , FSIZE infinity/infinity , MEMLOCK infinity/infinity
load average: 5.28 3.52 2.27

/proc/meminfo:
MemTotal:        2880776 kB
MemFree:         2876088 kB
MemAvailable:    2876748 kB
Buffers:               0 kB
Cached:              660 kB
SwapCached:            0 kB
Active:              312 kB
Inactive:           3720 kB
Active(anon):          0 kB
Inactive(anon):     3432 kB
Active(file):        312 kB
Inactive(file):      288 kB
Unevictable:           0 kB
Mlocked:              32 kB
SwapTotal:             0 kB
SwapFree:              0 kB
Dirty:                 0 kB
Writeback:             0 kB
AnonPages:          3432 kB
Mapped:              660 kB
Shmem:                 0 kB
KReclaimable:      18052 kB
Slab:                  0 kB
SReclaimable:          0 kB
SUnreclaim:            0 kB
KernelStack:        8624 kB
PageTables:        14940 kB
NFS_Unstable:          0 kB
Bounce:                0 kB
WritebackTmp:          0 kB
CommitLimit:     1440388 kB
Committed_AS:    4698204 kB
VmallocTotal:   262930368 kB
VmallocUsed:        9568 kB
VmallocChunk:          0 kB
Percpu:             1264 kB
AnonHugePages:         0 kB
ShmemHugePages:        0 kB
ShmemPmdMapped:        0 kB
FileHugePages:         0 kB
FilePmdMapped:         0 kB
HugePages_Total:       0
HugePages_Free:        0
HugePages_Rsvd:        0
HugePages_Surp:        0
Hugepagesize:       2048 kB
Hugetlb:               0 kB

/sys/kernel/mm/transparent_hugepage/enabled: always [madvise] never
/sys/kernel/mm/transparent_hugepage/defrag (defrag/compaction efforts parameter): always defer defer+madvise [madvise] never

Process Memory:
Virtual Size: 4820188K (peak: 4820188K)
Resident Set Size: 278196K (peak: 278600K) (anon: 266468K, file: 11728K, shmem: 0K)
Swapped out: 0K
C-Heap outstanding allocations: 77547K, retained: 35440K
glibc malloc tunables: (default)

/proc/sys/kernel/threads-max (system-wide limit on the number of threads): 22502
/proc/sys/vm/max_map_count (maximum number of memory map areas a process may have): 262144
/proc/sys/kernel/pid_max (system-wide limit on number of process identifiers): 32768

container (cgroup) information:
container_type: cgroupv1
cpu_cpuset_cpus: 0-3
cpu_memory_nodes: 0
active_processor_count: 4
cpu_quota: no quota
cpu_period: 100000
cpu_shares: no shares
memory_limit_in_bytes: unlimited
memory_and_swap_limit_in_bytes: not supported
memory_soft_limit_in_bytes: unlimited
memory_usage_in_bytes: 1599636 k
memory_max_usage_in_bytes: 2677232 k
maximum number of tasks: unlimited
current number of tasks: 337

Steal ticks since vm start: 0
Steal ticks percentage since vm start:  0.000

CPU: total 4 (initial active 4) 0x41:0x0:0xd08:0(0xd03), fp, simd, evtstrm, aes, pmull, sha1, sha256, crc, a53mac
/proc/cpuinfo:
processor	: 0
BogoMIPS	: 26.00
Features	: fp asimd evtstrm aes pmull sha1 sha2 crc32 cpuid
CPU implementer	: 0x41
CPU architecture: 8
CPU variant	: 0x0
CPU part	: 0xd03
CPU revision	: 2

processor	: 1
BogoMIPS	: 26.00
Features	: fp asimd evtstrm aes pmull sha1 sha2 crc32 cpuid
CPU implementer	: 0x41
CPU architecture: 8
CPU variant	: 0x0
CPU part	: 0xd03
CPU revision	: 2

processor	: 2
BogoMIPS	: 26.00
Features	: fp asimd evtstrm aes pmull sha1 sha2 crc32 cpuid
CPU implementer	: 0x41
CPU architecture: 8
CPU variant	: 0x0
CPU part	: 0xd08
CPU revision	: 0

processor	: 3
BogoMIPS	: 26.00
Features	: fp asimd evtstrm aes pmull sha1 sha2 crc32 cpuid
CPU implementer	: 0x41
CPU architecture: 8
CPU variant	: 0x0
CPU part	: 0xd08
CPU revision	: 0


Online cpus: 0-3
Offline cpus: 

Memory: 4k page, physical 2880776k(83952k free), swap 0k(0k free)
Page Sizes: 4k

vm_info: OpenJDK 64-Bit Server VM (17.0.4+8) for linux-aarch64 JRE (17.0.4+8), built on Jul 19 2022 00:00:00 by "temurin" with gcc 10.3.0

END.
